#
# A fatal error has been detected by the Java Runtime Environment:
#
#  SIGSEGV (0xb) at pc=0x00007fa47c01d754, pid=3970, tid=0x00007fa4a1b21700
#
# JRE version: Java(TM) SE Runtime Environment (8.0_121-b13) (build 1.8.0_121-b13)
# Java VM: Java HotSpot(TM) 64-Bit Server VM (25.121-b13 mixed mode linux-amd64 compressed oops)
# Problematic frame:
# C  [libxcb.so.1+0xc754]  xcb_send_request_with_fds64+0x14
#
# Failed to write core dump. Core dumps have been disabled. To enable core dumping, try "ulimit -c unlimited" before starting Java again
#
# If you would like to submit a bug report, please visit:
#   http://bugreport.java.com/bugreport/crash.jsp
# The crash happened outside the Java Virtual Machine in native code.
# See problematic frame for where to report the bug.
#

---------------  T H R E A D  ---------------

Current thread (0x00007fa49c00a800):  JavaThread "main" [_thread_in_native, id=3972, stack(0x00007fa4a1a22000,0x00007fa4a1b22000)]

siginfo: si_signo: 11 (SIGSEGV), si_code: 1 (SEGV_MAPERR), si_addr: 0x0000000000000000

Registers:
RAX=0x00007fa4a1b20370, RBX=0x0000000000000000, RCX=0x00007fa4a0003ca0, RDX=0x00007fa4a1b203c0
RSP=0x00007fa4a1b202b0, RBP=0x0000000000000000, RSI=0x0000000000000000, RDI=0x0000000000000000
R8 =0x0000000000000000, R9 =0x0000000000000000, R10=0x0000000000000040, R11=0x00000000000007af
R12=0x0000000000000000, R13=0x00000000000007af, R14=0x00000000000000fe, R15=0x00000000058006cc
RIP=0x00007fa47c01d754, EFLAGS=0x0000000000010202, CSGSFS=0x002b000000000033, ERR=0x0000000000000004
  TRAPNO=0x000000000000000e

Top of Stack: (sp=0x00007fa4a1b202b0)
0x00007fa4a1b202b0:   0000000000000018 0000000000000000
0x00007fa4a1b202c0:   00007fa4a1b202c0 00007fa4a1b202c0
0x00007fa4a1b202d0:   0000000100000002 0000000000000003
0x00007fa4a1b202e0:   000000004d430001 00007fa49ce7e4f0
0x00007fa4a1b202f0:   0000000000000108 0000000000000000
0x00007fa4a1b20300:   0000000000000000 0000000000000000
0x00007fa4a1b20310:   3ff0000000000000 0000000800000007
0x00007fa4a1b20320:   00007fa49d6d36a0 0000000000000000
0x00007fa4a1b20330:   0000000000000000 00000000058006cd
0x00007fa4a1b20340:   00000000000007af 00000000000000fe
0x00007fa4a1b20350:   00000000058006cc 00007fa47c01de89
0x00007fa4a1b20360:   000000004d430001 00007fa4a000134e
0x00007fa4a1b20370:   058006cb9cc3b640 05b00880058006cd
0x00007fa4a1b20380:   0040004000fe07af 0000021800fe07af
0x00007fa4a1b20390:   00000000058006cc 00007fa49cccd5b0
0x00007fa4a1b203a0:   00007fa49c634b60 00007fa4405ff221
0x00007fa4a1b203b0:   0000000000000228 0000000000000000
0x00007fa4a1b203c0:   00007fa4a1b20370 0000000000000028
0x00007fa4a1b203d0:   0000000000000000 0000000000000000
0x00007fa4a1b203e0:   00007fa49c634b40 5fff00e2ab4e9500
0x00007fa4a1b203f0:   0000000000000000 00007fa440769d9f
0x00007fa4a1b20400:   00000000000000fe 0000000000000040
0x00007fa4a1b20410:   0000000000000040 00000000000007af
0x00007fa4a1b20420:   00000000000000fe 0000000000000018
0x00007fa4a1b20430:   0000000000000002 0000000000000000
0x00007fa4a1b20440:   00000000058006cc 0000000000000000
0x00007fa4a1b20450:   0000000000000000 0000000000000040
0x00007fa4a1b20460:   00007fa4a1b20520 0000000000000000
0x00007fa4a1b20470:   0000000000000040 00007fa4a1b20508
0x00007fa4a1b20480:   00007fa49c00a800 00007fa48dc1fdcf
0x00007fa4a1b20490:   00000000000005b0 00000000000007af
0x00007fa4a1b204a0:   00000000000000fe 0000000000000040 

Instructions: (pc=0x00007fa47c01d754)
0x00007fa47c01d734:   00 00 eb 9e 0f 1f 84 00 00 00 00 00 41 57 41 56
0x00007fa47c01d744:   41 55 41 54 45 89 c4 55 53 4c 89 cb 48 83 ec 78
0x00007fa47c01d754:   44 8b 3f 89 74 24 2c 48 89 4c 24 20 64 48 8b 04
0x00007fa47c01d764:   25 28 00 00 00 48 89 44 24 68 31 c0 45 85 ff 0f 

Register to memory mapping:

RAX=0x00007fa4a1b20370 is pointing into the stack for thread: 0x00007fa49c00a800
RBX=0x0000000000000000 is an unknown value
RCX=0x00007fa4a0003ca0: <offset 0x3ca0> in /opt/bitwig-studio/lib/bitwig-studio/libxcb-shm.so.0 at 0x00007fa4a0000000
RDX=0x00007fa4a1b203c0 is pointing into the stack for thread: 0x00007fa49c00a800
RSP=0x00007fa4a1b202b0 is pointing into the stack for thread: 0x00007fa49c00a800
RBP=0x0000000000000000 is an unknown value
RSI=0x0000000000000000 is an unknown value
RDI=0x0000000000000000 is an unknown value
R8 =0x0000000000000000 is an unknown value
R9 =0x0000000000000000 is an unknown value
R10=0x0000000000000040 is an unknown value
R11=0x00000000000007af is an unknown value
R12=0x0000000000000000 is an unknown value
R13=0x00000000000007af is an unknown value
R14=0x00000000000000fe is an unknown value
R15=0x00000000058006cc is an unknown value


Stack: [0x00007fa4a1a22000,0x00007fa4a1b22000],  sp=0x00007fa4a1b202b0,  free space=1016k
Native frames: (J=compiled Java code, j=interpreted, Vv=VM code, C=native code)
C  [libxcb.so.1+0xc754]  xcb_send_request_with_fds64+0x14

Java frames: (J=compiled Java code, j=interpreted, Vv=VM code)
J 12113  com.bitwig.x11_windowing_system.X11ImageDoubleBuffer.putSharedMemoryImage(JIIIIIIIIIIIZ)V (0 bytes) @ 0x00007fa48dc1fd55 [0x00007fa48dc1fcc0+0x95]
J 14209 C2 com.bitwig.x11_windowing_system.X11ImageDoubleBuffer.ByR(IIIIZ)V (493 bytes) @ 0x00007fa48e7ad508 [0x00007fa48e7ad480+0x88]
J 14202 C2 com.bitwig.x11_windowing_system.X11TopLevelWindowHandle.ByR(Ljava/util/List;Z)V (368 bytes) @ 0x00007fa48df65804 [0x00007fa48df65580+0x284]
J 14170 C2 bCp.yL2(Lczb;)V (334 bytes) @ 0x00007fa48d3d0774 [0x00007fa48d3cef00+0x1874]
J 13755 C2 bCp.FIu(Lczb;)V (422 bytes) @ 0x00007fa48d72442c [0x00007fa48d723c40+0x7ec]
J 13767 C2 com.bitwig.flt.app.mQ1.FIu(Lczb;)V (66 bytes) @ 0x00007fa48e161e18 [0x00007fa48e161c80+0x198]
J 14427% C1 bCp.aEC()V (112 bytes) @ 0x00007fa48e9a568c [0x00007fa48e9a4d20+0x96c]
j  com.bitwig.flt.app.BitwigStudioMain.main([Ljava/lang/String;)V+594
v  ~StubRoutines::call_stub

---------------  P R O C E S S  ---------------

Java Threads: ( => current thread )
  0x00007fa460007800 JavaThread "SIGTERM handler" daemon [_thread_blocked, id=9020, stack(0x00007fa3fc151000,0x00007fa3fc252000)]
  0x00007fa460006800 JavaThread "SIGHUP handler" daemon [_thread_blocked, id=9015, stack(0x00007fa4280ab000,0x00007fa4281ac000)]
  0x00007fa460005000 JavaThread "SIGHUP handler" daemon [_thread_in_vm, id=9003, stack(0x00007fa3ffb3d000,0x00007fa3ffc3e000)]
  0x00007fa49ccb3800 JavaThread "gC3 response sender for eeight" [_thread_blocked, id=4246, stack(0x00007fa3fd1d6000,0x00007fa3fd2d7000)]
  0x00007fa400001800 JavaThread "gC3 request processor for eeight" [_thread_in_native, id=4241, stack(0x00007fa3fced5000,0x00007fa3fcfd6000)]
  0x00007fa49c78d000 JavaThread "FileHierarchyProvider thread" [_thread_blocked, id=4220, stack(0x00007fa3fc7d2000,0x00007fa3fc8d3000)]
  0x00007fa480046800 JavaThread "Timer-3" [_thread_blocked, id=4212, stack(0x00007fa3fccd3000,0x00007fa3fcdd4000)]
  0x00007fa480044000 JavaThread "Cleaning up sample analysis cache..." [_thread_blocked, id=4211, stack(0x00007fa3fcdd4000,0x00007fa3fced5000)]
  0x00007fa49d65d800 JavaThread "Timer-2" [_thread_blocked, id=4208, stack(0x00007fa3fd2d7000,0x00007fa3fd3d8000)]
  0x00007fa49d65d000 JavaThread "Undo change writer" [_thread_blocked, id=4206, stack(0x00007fa3fd737000,0x00007fa3fd838000)]
  0x00007fa454964800 JavaThread "Thread-10" [_thread_in_native, id=4190, stack(0x00007fa3fd838000,0x00007fa3fd939000)]
  0x00007fa4543c4800 JavaThread "OscUdpConnection::readLoop()" [_thread_in_native, id=4186, stack(0x00007fa3fd939000,0x00007fa3fda3a000)]
  0x00007fa49c7dd800 JavaThread "d3k response sender for eeight" [_thread_blocked, id=4175, stack(0x00007fa3fde3a000,0x00007fa3fdf3b000)]
  0x00007fa460004000 JavaThread "d3k request processor for eeight" [_thread_in_native, id=4172, stack(0x00007fa4281ac000,0x00007fa4282ad000)]
  0x00007fa44c0d8800 JavaThread "Control Surface Session" [_thread_blocked, id=4167, stack(0x00007fa3fdf3b000,0x00007fa3fe03c000)]
  0x00007fa44c0d4800 JavaThread "Control Surface Session Reader" [_thread_in_native, id=4166, stack(0x00007fa3ffeff000,0x00007fa400000000)]
  0x00007fa41800a000 JavaThread "Analyzing file /home/psc/.BitwigStudio/installed-packages/1.0/samples/Bitwig/Classic Drum Machines/ASM/Hi-Hat ASM 01 D.wav" [_thread_blocked, id=4157, stack(0x00007fa3fd5d8000,0x00007fa3fd6d9000)]
  0x00007fa43c009000 JavaThread "Exec Stream Pumper" daemon [_thread_in_native, id=4154, stack(0x00007fa3fe23c000,0x00007fa3fe33d000)]
  0x00007fa43c00a000 JavaThread "Exec Stream Pumper" daemon [_thread_in_native, id=4153, stack(0x00007fa3fe640000,0x00007fa3fe741000)]
  0x00007fa49d21f800 JavaThread "Exec Default Executor" [_thread_blocked, id=4151, stack(0x00007fa3fe43e000,0x00007fa3fe53f000)]
  0x00007fa49cecf000 JavaThread "Checking for updates..." [_thread_blocked, id=4150, stack(0x00007fa3fe33d000,0x00007fa3fe43e000)]
  0x00007fa49cecb800 JavaThread "Sending crash report..." [_thread_blocked, id=4147, stack(0x00007fa3fe53f000,0x00007fa3fe640000)]
  0x00007fa418002800 JavaThread "Analyzing file /home/psc/.BitwigStudio/installed-packages/1.0/multi-samples/Bitwig/Dr. Power's Wurlitzer/DrPowers Wurlitzer.multisample" [_thread_blocked, id=4144, stack(0x00007fa3fe741000,0x00007fa3fe842000)]
  0x00007fa49cec6800 JavaThread "Library Search Index Updater" [_thread_blocked, id=4143, stack(0x00007fa3fe842000,0x00007fa3fe943000)]
  0x00007fa49ce82000 JavaThread "Analyzing file /home/psc/.BitwigStudio/installed-packages/1.0/samples/Bitwig/Classic Drum Machines/ASM/Percussion ASM 01 B.wav" [_thread_blocked, id=4142, stack(0x00007fa3ffcfd000,0x00007fa3ffdfe000)]
  0x00007fa49ce79000 JavaThread "process reaper" daemon [_thread_in_native, id=4141, stack(0x00007fa428072000,0x00007fa4280ab000)]
  0x00007fa49ce7c800 JavaThread "Cleaning up document recovery information" [_thread_blocked, id=4137, stack(0x00007fa3ffdfe000,0x00007fa3ffeff000)]
  0x00007fa49c622000 JavaThread "Java2D Disposer" daemon [_thread_blocked, id=4126, stack(0x00007fa4287c0000,0x00007fa4288c1000)]
  0x00007fa49c593800 JavaThread "Batik CleanerThread" daemon [_thread_blocked, id=4123, stack(0x00007fa42a4cb000,0x00007fa42a5cc000)]
  0x00007fa40c017800 JavaThread "inotify" [_thread_in_native, id=4116, stack(0x00007fa42a5cc000,0x00007fa42a6cd000)]
  0x00007fa49c392800 JavaThread "Scanning for controller scripts" [_thread_blocked, id=4115, stack(0x00007fa42a8b3000,0x00007fa42a9b4000)]
  0x00007fa49d6a3000 JavaThread "Scanning for extensions" [_thread_blocked, id=4114, stack(0x00007fa42a9b4000,0x00007fa42aab5000)]
  0x00007fa49c319800 JavaThread "Frame Refresh Timer" [_thread_blocked, id=4113, stack(0x00007fa42acb5000,0x00007fa42adb6000)]
  0x00007fa49c317000 JavaThread "libusb event thread" [_thread_in_native, id=4112, stack(0x00007fa42adb6000,0x00007fa42aeb7000)]
  0x00007fa49d627800 JavaThread "Library Search Query Executor" [_thread_blocked, id=4108, stack(0x00007fa42b8f9000,0x00007fa42b9fa000)]
  0x00007fa49d624800 JavaThread "Server" [_thread_in_native, id=4107, stack(0x00007fa42b9fa000,0x00007fa42bafb000)]
  0x00007fa49c27d000 JavaThread "Note Off Timer" [_thread_blocked, id=4106, stack(0x00007fa42beff000,0x00007fa42c000000)]
  0x00007fa49d70e000 JavaThread "Timer-1" [_thread_blocked, id=4093, stack(0x00007fa43856f000,0x00007fa438670000)]
  0x00007fa49ca97800 JavaThread "Preferences save thread" [_thread_blocked, id=4087, stack(0x00007fa46c049000,0x00007fa46c14a000)]
  0x00007fa49c30c000 JavaThread "pool-1-thread-1" [_thread_blocked, id=4075, stack(0x00007fa46cfd6000,0x00007fa46d0d7000)]
  0x00007fa49c35d000 JavaThread "Timer-0" [_thread_blocked, id=4043, stack(0x00007fa46e4d7000,0x00007fa46e5d8000)]
  0x00007fa49c37f000 JavaThread "Default document timer" [_thread_blocked, id=4042, stack(0x00007fa46e5d8000,0x00007fa46e6d9000)]
  0x00007fa49c100000 JavaThread "Service Thread" daemon [_thread_blocked, id=4032, stack(0x00007fa46ea77000,0x00007fa46eb78000)]
  0x00007fa49c0fd800 JavaThread "C1 CompilerThread2" daemon [_thread_blocked, id=4029, stack(0x00007fa46eb79000,0x00007fa46ec79000)]
  0x00007fa49c0fb000 JavaThread "C2 CompilerThread1" daemon [_thread_blocked, id=4019, stack(0x00007fa46ec7a000,0x00007fa46ed7a000)]
  0x00007fa49c0f9000 JavaThread "C2 CompilerThread0" daemon [_thread_blocked, id=4018, stack(0x00007fa46ed7b000,0x00007fa46ee7b000)]
  0x00007fa49c0f7000 JavaThread "Signal Dispatcher" daemon [_thread_blocked, id=4013, stack(0x00007fa46ee7b000,0x00007fa46ef7c000)]
  0x00007fa49c0f5800 JavaThread "Surrogate Locker Thread (Concurrent GC)" daemon [_thread_blocked, id=3997, stack(0x00007fa46ef7c000,0x00007fa46f07d000)]
  0x00007fa49c0c2800 JavaThread "Finalizer" daemon [_thread_blocked, id=3990, stack(0x00007fa47c056000,0x00007fa47c157000)]
  0x00007fa49c0be000 JavaThread "Reference Handler" daemon [_thread_blocked, id=3989, stack(0x00007fa47c157000,0x00007fa47c258000)]
=>0x00007fa49c00a800 JavaThread "main" [_thread_in_native, id=3972, stack(0x00007fa4a1a22000,0x00007fa4a1b22000)]

Other Threads:
  0x00007fa49c0b6000 VMThread [stack: 0x00007fa47c259000,0x00007fa47c359000] [id=3988]
  0x00007fa49c103800 WatcherThread [stack: 0x00007fa46e977000,0x00007fa46ea77000] [id=4035]

VM state:not at safepoint (normal execution)

VM Mutex/Monitor currently owned by a thread:  ([mutex/lock_event])
[0x00007fa49c007be0] Threads_lock - owner thread: 0x00007fa460005000

Heap:
 par new generation   total 61440K, used 25740K [0x0000000080000000, 0x00000000842a0000, 0x0000000094cc0000)
  eden space 54656K,  47% used [0x0000000080000000, 0x000000008191d8f0, 0x0000000083560000)
  from space 6784K,   0% used [0x0000000083560000, 0x0000000083565780, 0x0000000083c00000)
  to   space 6784K,   0% used [0x0000000083c00000, 0x0000000083c00000, 0x00000000842a0000)
 concurrent mark-sweep generation total 136576K, used 94241K [0x0000000094cc0000, 0x000000009d220000, 0x0000000100000000)
 Metaspace       used 156316K, capacity 159757K, committed 160068K, reserved 1171456K
  class space    used 37777K, capacity 38282K, committed 38388K, reserved 1048576K

Card table byte_map: [0x00007fa4a07fd000,0x00007fa4a0bfe000] byte_map_base: 0x00007fa4a03fd000

Marking Bits: (CMSBitMap*) 0x00007fa49c062868
 Bits: [0x00007fa47e532000, 0x00007fa47ffff000)

Mod Union Table: (CMSBitMap*) 0x00007fa49c062928
 Bits: [0x00007fa4a0033000, 0x00007fa4a009e340)

Polling page: 0x00007fa4a30f4000

CodeCache: size=245760Kb used=30038Kb max_used=30382Kb free=215721Kb
 bounds [0x00007fa48d000000, 0x00007fa48edf0000, 0x00007fa49c000000]
 total_blobs=12927 nmethods=11930 adapters=900
 compilation: enabled

Compilation events (10 events):
Event: 1098.449 Thread 0x00007fa49c0f9000 15021       4       KY::aboutToChangeProperty (23 bytes)
Event: 1098.458 Thread 0x00007fa49c0f9000 nmethod 15021 0x00007fa48ec11cd0 code [0x00007fa48ec11e60, 0x00007fa48ec12298]
Event: 1098.465 Thread 0x00007fa49c0fd800 15022       3       HR::eventOccurred (9 bytes)
Event: 1098.465 Thread 0x00007fa49c0fd800 nmethod 15022 0x00007fa48dbe7a10 code [0x00007fa48dbe7ba0, 0x00007fa48dbe7f28]
Event: 1098.466 Thread 0x00007fa49c0fd800 15023       3       HR::ByR (12 bytes)
Event: 1098.466 Thread 0x00007fa49c0fd800 nmethod 15023 0x00007fa48de51e50 code [0x00007fa48de51fc0, 0x00007fa48de521e8]
Event: 1098.566 Thread 0x00007fa49c0fd800 15024       3       UA::Anf (4 bytes)
Event: 1098.567 Thread 0x00007fa49c0fd800 nmethod 15024 0x00007fa48de46c10 code [0x00007fa48de46d80, 0x00007fa48de46ed0]
Event: 1099.136 Thread 0x00007fa49c0fb000 15025       4       java.lang.StackTraceElement::toString (140 bytes)
Event: 1099.172 Thread 0x00007fa49c0fb000 nmethod 15025 0x00007fa48eca2890 code [0x00007fa48eca2ae0, 0x00007fa48eca42d8]

GC Heap History (10 events):
Event: 1090.405 GC heap before
{Heap before GC invocations=47 (full 3):
 par new generation   total 61440K, used 55136K [0x0000000080000000, 0x00000000842a0000, 0x0000000094cc0000)
  eden space 54656K, 100% used [0x0000000080000000, 0x0000000083560000, 0x0000000083560000)
  from space 6784K,   7% used [0x0000000083c00000, 0x0000000083c78378, 0x00000000842a0000)
  to   space 6784K,   0% used [0x0000000083560000, 0x0000000083560000, 0x0000000083c00000)
 concurrent mark-sweep generation total 136576K, used 93968K [0x0000000094cc0000, 0x000000009d220000, 0x0000000100000000)
 Metaspace       used 156289K, capacity 159661K, committed 159684K, reserved 1171456K
  class space    used 37775K, capacity 38250K, committed 38260K, reserved 1048576K
Event: 1090.409 GC heap after
Heap after GC invocations=48 (full 3):
 par new generation   total 61440K, used 388K [0x0000000080000000, 0x00000000842a0000, 0x0000000094cc0000)
  eden space 54656K,   0% used [0x0000000080000000, 0x0000000080000000, 0x0000000083560000)
  from space 6784K,   5% used [0x0000000083560000, 0x00000000835c1398, 0x0000000083c00000)
  to   space 6784K,   0% used [0x0000000083c00000, 0x0000000083c00000, 0x00000000842a0000)
 concurrent mark-sweep generation total 136576K, used 93968K [0x0000000094cc0000, 0x000000009d220000, 0x0000000100000000)
 Metaspace       used 156289K, capacity 159661K, committed 159684K, reserved 1171456K
  class space    used 37775K, capacity 38250K, committed 38260K, reserved 1048576K
}
Event: 1092.420 GC heap before
{Heap before GC invocations=48 (full 3):
 par new generation   total 61440K, used 55044K [0x0000000080000000, 0x00000000842a0000, 0x0000000094cc0000)
  eden space 54656K, 100% used [0x0000000080000000, 0x0000000083560000, 0x0000000083560000)
  from space 6784K,   5% used [0x0000000083560000, 0x00000000835c1398, 0x0000000083c00000)
  to   space 6784K,   0% used [0x0000000083c00000, 0x0000000083c00000, 0x00000000842a0000)
 concurrent mark-sweep generation total 136576K, used 93968K [0x0000000094cc0000, 0x000000009d220000, 0x0000000100000000)
 Metaspace       used 156289K, capacity 159661K, committed 159684K, reserved 1171456K
  class space    used 37775K, capacity 38250K, committed 38260K, reserved 1048576K
Event: 1092.426 GC heap after
Heap after GC invocations=49 (full 3):
 par new generation   total 61440K, used 447K [0x0000000080000000, 0x00000000842a0000, 0x0000000094cc0000)
  eden space 54656K,   0% used [0x0000000080000000, 0x0000000080000000, 0x0000000083560000)
  from space 6784K,   6% used [0x0000000083c00000, 0x0000000083c6fc80, 0x00000000842a0000)
  to   space 6784K,   0% used [0x0000000083560000, 0x0000000083560000, 0x0000000083c00000)
 concurrent mark-sweep generation total 136576K, used 93969K [0x0000000094cc0000, 0x000000009d220000, 0x0000000100000000)
 Metaspace       used 156289K, capacity 159661K, committed 159684K, reserved 1171456K
  class space    used 37775K, capacity 38250K, committed 38260K, reserved 1048576K
}
Event: 1094.401 GC heap before
{Heap before GC invocations=49 (full 3):
 par new generation   total 61440K, used 55103K [0x0000000080000000, 0x00000000842a0000, 0x0000000094cc0000)
  eden space 54656K, 100% used [0x0000000080000000, 0x0000000083560000, 0x0000000083560000)
  from space 6784K,   6% used [0x0000000083c00000, 0x0000000083c6fc80, 0x00000000842a0000)
  to   space 6784K,   0% used [0x0000000083560000, 0x0000000083560000, 0x0000000083c00000)
 concurrent mark-sweep generation total 136576K, used 93969K [0x0000000094cc0000, 0x000000009d220000, 0x0000000100000000)
 Metaspace       used 156290K, capacity 159661K, committed 159684K, reserved 1171456K
  class space    used 37775K, capacity 38250K, committed 38260K, reserved 1048576K
Event: 1094.406 GC heap after
Heap after GC invocations=50 (full 3):
 par new generation   total 61440K, used 276K [0x0000000080000000, 0x00000000842a0000, 0x0000000094cc0000)
  eden space 54656K,   0% used [0x0000000080000000, 0x0000000080000000, 0x0000000083560000)
  from space 6784K,   4% used [0x0000000083560000, 0x00000000835a5260, 0x0000000083c00000)
  to   space 6784K,   0% used [0x0000000083c00000, 0x0000000083c00000, 0x00000000842a0000)
 concurrent mark-sweep generation total 136576K, used 94239K [0x0000000094cc0000, 0x000000009d220000, 0x0000000100000000)
 Metaspace       used 156290K, capacity 159661K, committed 159684K, reserved 1171456K
  class space    used 37775K, capacity 38250K, committed 38260K, reserved 1048576K
}
Event: 1096.385 GC heap before
{Heap before GC invocations=50 (full 3):
 par new generation   total 61440K, used 54932K [0x0000000080000000, 0x00000000842a0000, 0x0000000094cc0000)
  eden space 54656K, 100% used [0x0000000080000000, 0x0000000083560000, 0x0000000083560000)
  from space 6784K,   4% used [0x0000000083560000, 0x00000000835a5260, 0x0000000083c00000)
  to   space 6784K,   0% used [0x0000000083c00000, 0x0000000083c00000, 0x00000000842a0000)
 concurrent mark-sweep generation total 136576K, used 94239K [0x0000000094cc0000, 0x000000009d220000, 0x0000000100000000)
 Metaspace       used 156298K, capacity 159661K, committed 159684K, reserved 1171456K
  class space    used 37775K, capacity 38250K, committed 38260K, reserved 1048576K
Event: 1096.388 GC heap after
Heap after GC invocations=51 (full 3):
 par new generation   total 61440K, used 72K [0x0000000080000000, 0x00000000842a0000, 0x0000000094cc0000)
  eden space 54656K,   0% used [0x0000000080000000, 0x0000000080000000, 0x0000000083560000)
  from space 6784K,   1% used [0x0000000083c00000, 0x0000000083c12080, 0x00000000842a0000)
  to   space 6784K,   0% used [0x0000000083560000, 0x0000000083560000, 0x0000000083c00000)
 concurrent mark-sweep generation total 136576K, used 94240K [0x0000000094cc0000, 0x000000009d220000, 0x0000000100000000)
 Metaspace       used 156298K, capacity 159661K, committed 159684K, reserved 1171456K
  class space    used 37775K, capacity 38250K, committed 38260K, reserved 1048576K
}
Event: 1098.325 GC heap before
{Heap before GC invocations=51 (full 3):
 par new generation   total 61440K, used 54728K [0x0000000080000000, 0x00000000842a0000, 0x0000000094cc0000)
  eden space 54656K, 100% used [0x0000000080000000, 0x0000000083560000, 0x0000000083560000)
  from space 6784K,   1% used [0x0000000083c00000, 0x0000000083c12080, 0x00000000842a0000)
  to   space 6784K,   0% used [0x0000000083560000, 0x0000000083560000, 0x0000000083c00000)
 concurrent mark-sweep generation total 136576K, used 94240K [0x0000000094cc0000, 0x000000009d220000, 0x0000000100000000)
 Metaspace       used 156306K, capacity 159725K, committed 159940K, reserved 1171456K
  class space    used 37775K, capacity 38250K, committed 38260K, reserved 1048576K
Event: 1098.328 GC heap after
Heap after GC invocations=52 (full 3):
 par new generation   total 61440K, used 21K [0x0000000080000000, 0x00000000842a0000, 0x0000000094cc0000)
  eden space 54656K,   0% used [0x0000000080000000, 0x0000000080000000, 0x0000000083560000)
  from space 6784K,   0% used [0x0000000083560000, 0x0000000083565780, 0x0000000083c00000)
  to   space 6784K,   0% used [0x0000000083c00000, 0x0000000083c00000, 0x00000000842a0000)
 concurrent mark-sweep generation total 136576K, used 94241K [0x0000000094cc0000, 0x000000009d220000, 0x0000000100000000)
 Metaspace       used 156306K, capacity 159725K, committed 159940K, reserved 1171456K
  class space    used 37775K, capacity 38250K, committed 38260K, reserved 1048576K
}

Deoptimization events (10 events):
Event: 1082.801 Thread 0x00007fa49c00a800 Uncommon trap: reason=unstable_if action=reinterpret pc=0x00007fa48dd19020 method=DZE.ByR(Ljava/nio/ByteBuffer;)V @ 33
Event: 1082.806 Thread 0x00007fa49c00a800 Uncommon trap: reason=bimorphic action=maybe_recompile pc=0x00007fa48d32d244 method=bHm.ByR(Lcom/bitwig/base/geom/snk;)V @ 237
Event: 1082.807 Thread 0x00007fa49c00a800 Uncommon trap: reason=unstable_if action=reinterpret pc=0x00007fa48e05a37c method=kj2.FIu()Z @ 21
Event: 1082.814 Thread 0x00007fa49c00a800 Uncommon trap: reason=class_check action=maybe_recompile pc=0x00007fa48ea35138 method=bFs.FIu(LbHm;Lcom/bitwig/graphics/Xec;Ljava/util/List;)V @ 45
Event: 1082.996 Thread 0x00007fa49c00a800 Uncommon trap: reason=class_check action=maybe_recompile pc=0x00007fa48ea35138 method=bFs.FIu(LbHm;Lcom/bitwig/graphics/Xec;Ljava/util/List;)V @ 45
Event: 1083.076 Thread 0x00007fa49c00a800 Uncommon trap: reason=class_check action=maybe_recompile pc=0x00007fa48ea35138 method=bFs.FIu(LbHm;Lcom/bitwig/graphics/Xec;Ljava/util/List;)V @ 45
Event: 1099.235 Thread 0x00007fa49c0f7000 Uncommon trap: reason=bimorphic action=maybe_recompile pc=0x00007fa48dca7d10 method=java.util.Hashtable.get(Ljava/lang/Object;)Ljava/lang/Object; @ 6
Event: 1099.235 Thread 0x00007fa49c0f7000 Uncommon trap: reason=bimorphic action=maybe_recompile pc=0x00007fa48dca7d10 method=java.util.Hashtable.get(Ljava/lang/Object;)Ljava/lang/Object; @ 6
Event: 1099.274 Thread 0x00007fa49c0f7000 Uncommon trap: reason=bimorphic action=maybe_recompile pc=0x00007fa48dca7d10 method=java.util.Hashtable.get(Ljava/lang/Object;)Ljava/lang/Object; @ 6
Event: 1099.275 Thread 0x00007fa49c0f7000 Uncommon trap: reason=bimorphic action=maybe_recompile pc=0x00007fa48dca7d10 method=java.util.Hashtable.get(Ljava/lang/Object;)Ljava/lang/Object; @ 6

Internal exceptions (10 events):
Event: 1098.975 Thread 0x00007fa4543c4800 Exception <a 'java/net/PortUnreachableException': ICMP Port Unreachable> (0x00000000811a16c8) thrown at [/HUDSON3/workspace/8-2-build-linux-amd64/jdk8u121/8372/hotspot/src/share/vm/prims/jni.cpp, line 735]
Event: 1098.998 Thread 0x00007fa4543c4800 Exception <a 'java/net/PortUnreachableException': ICMP Port Unreachable> (0x000000008128c558) thrown at [/HUDSON3/workspace/8-2-build-linux-amd64/jdk8u121/8372/hotspot/src/share/vm/prims/jni.cpp, line 735]
Event: 1099.021 Thread 0x00007fa4543c4800 Exception <a 'java/net/PortUnreachableException': ICMP Port Unreachable> (0x000000008128e578) thrown at [/HUDSON3/workspace/8-2-build-linux-amd64/jdk8u121/8372/hotspot/src/share/vm/prims/jni.cpp, line 735]
Event: 1099.044 Thread 0x00007fa4543c4800 Exception <a 'java/net/PortUnreachableException': ICMP Port Unreachable> (0x000000008139cb38) thrown at [/HUDSON3/workspace/8-2-build-linux-amd64/jdk8u121/8372/hotspot/src/share/vm/prims/jni.cpp, line 735]
Event: 1099.067 Thread 0x00007fa4543c4800 Exception <a 'java/net/PortUnreachableException': ICMP Port Unreachable> (0x000000008139eb58) thrown at [/HUDSON3/workspace/8-2-build-linux-amd64/jdk8u121/8372/hotspot/src/share/vm/prims/jni.cpp, line 735]
Event: 1099.090 Thread 0x00007fa4543c4800 Exception <a 'java/net/PortUnreachableException': ICMP Port Unreachable> (0x00000000814ad140) thrown at [/HUDSON3/workspace/8-2-build-linux-amd64/jdk8u121/8372/hotspot/src/share/vm/prims/jni.cpp, line 735]
Event: 1099.112 Thread 0x00007fa4543c4800 Exception <a 'java/net/PortUnreachableException': ICMP Port Unreachable> (0x00000000815bb8e0) thrown at [/HUDSON3/workspace/8-2-build-linux-amd64/jdk8u121/8372/hotspot/src/share/vm/prims/jni.cpp, line 735]
Event: 1099.135 Thread 0x00007fa4543c4800 Exception <a 'java/net/PortUnreachableException': ICMP Port Unreachable> (0x00000000815bd900) thrown at [/HUDSON3/workspace/8-2-build-linux-amd64/jdk8u121/8372/hotspot/src/share/vm/prims/jni.cpp, line 735]
Event: 1099.180 Thread 0x00007fa4543c4800 Exception <a 'java/net/PortUnreachableException': ICMP Port Unreachable> (0x00000000816cbfb8) thrown at [/HUDSON3/workspace/8-2-build-linux-amd64/jdk8u121/8372/hotspot/src/share/vm/prims/jni.cpp, line 735]
Event: 1099.247 Thread 0x00007fa4543c4800 Exception <a 'java/net/PortUnreachableException': ICMP Port Unreachable> (0x00000000816cdd00) thrown at [/HUDSON3/workspace/8-2-build-linux-amd64/jdk8u121/8372/hotspot/src/share/vm/prims/jni.cpp, line 735]

Events (10 events):
Event: 1099.289 Executing VM operation: RevokeBias
Event: 1099.304 Thread 0x00007fa460007800 Thread added: 0x00007fa460007800
Event: 1099.314 Executing VM operation: RevokeBias done
Event: 1099.314 Thread 0x00007fa49c778800 Thread exited: 0x00007fa49c778800
Event: 1099.314 Executing VM operation: RevokeBias
Event: 1099.316 Executing VM operation: RevokeBias done
Event: 1099.316 loading class java/util/IdentityHashMap$KeyIterator
Event: 1099.317 loading class java/util/IdentityHashMap$IdentityHashMapIterator
Event: 1099.317 loading class java/util/IdentityHashMap$IdentityHashMapIterator done
Event: 1099.317 loading class java/util/IdentityHashMap$KeyIterator done


Dynamic libraries:
00400000-00401000 r-xp 00000000 08:05 8279499                            /opt/bitwig-studio/lib/jre/bin/java
00600000-00601000 rw-p 00000000 08:05 8279499                            /opt/bitwig-studio/lib/jre/bin/java
01c5f000-01c80000 rw-p 00000000 00:00 0                                  [heap]
80000000-842a0000 rw-p 00000000 00:00 0 
842a0000-94cc0000 ---p 00000000 00:00 0 
94cc0000-9d220000 rw-p 00000000 00:00 0 
9d220000-100000000 ---p 00000000 00:00 0 
100000000-10257d000 rw-p 00000000 00:00 0 
10257d000-140000000 ---p 00000000 00:00 0 
7fa3fc050000-7fa3fc151000 rw-p 00000000 00:00 0 
7fa3fc151000-7fa3fc154000 ---p 00000000 00:00 0 
7fa3fc154000-7fa3fc352000 rw-p 00000000 00:00 0 
7fa3fc352000-7fa3fc452000 ---p 00000000 00:00 0 
7fa3fc452000-7fa3fc552000 rw-s 00000000 00:18 38                         /dev/shm/ipKsZiyKxuqkFJaKRvbgbQ==
7fa3fc552000-7fa3fc5d2000 rw-s 00000000 00:18 37                         /dev/shm/APBXB1Tm-ukUX6xVJZoF3Q==
7fa3fc5d2000-7fa3fc7d2000 rw-p 00000000 00:00 0 
7fa3fc7d2000-7fa3fc7d5000 ---p 00000000 00:00 0 
7fa3fc7d5000-7fa3fcad3000 rw-p 00000000 00:00 0 
7fa3fcad3000-7fa3fccc7000 rw-p 00000000 00:00 0 
7fa3fccc7000-7fa3fccd3000 ---p 00000000 00:00 0 
7fa3fccd3000-7fa3fccd6000 ---p 00000000 00:00 0 
7fa3fccd6000-7fa3fcdd4000 rw-p 00000000 00:00 0 
7fa3fcdd4000-7fa3fcdd7000 ---p 00000000 00:00 0 
7fa3fcdd7000-7fa3fced5000 rw-p 00000000 00:00 0 
7fa3fced5000-7fa3fced8000 ---p 00000000 00:00 0 
7fa3fced8000-7fa3fd1d6000 rw-p 00000000 00:00 0 
7fa3fd1d6000-7fa3fd1d9000 ---p 00000000 00:00 0 
7fa3fd1d9000-7fa3fd2d7000 rw-p 00000000 00:00 0 
7fa3fd2d7000-7fa3fd2da000 ---p 00000000 00:00 0 
7fa3fd2da000-7fa3fd5d8000 rw-p 00000000 00:00 0 
7fa3fd5d8000-7fa3fd5db000 ---p 00000000 00:00 0 
7fa3fd5db000-7fa3fd6d9000 rw-p 00000000 00:00 0 
7fa3fd737000-7fa3fd73a000 ---p 00000000 00:00 0 
7fa3fd73a000-7fa3fd838000 rw-p 00000000 00:00 0 
7fa3fd838000-7fa3fd83b000 ---p 00000000 00:00 0 
7fa3fd83b000-7fa3fd939000 rw-p 00000000 00:00 0 
7fa3fd939000-7fa3fd93c000 ---p 00000000 00:00 0 
7fa3fd93c000-7fa3fdc3a000 rw-p 00000000 00:00 0 
7fa3fdc3a000-7fa3fde3a000 rw-p 00000000 00:00 0 
7fa3fde3a000-7fa3fde3d000 ---p 00000000 00:00 0 
7fa3fde3d000-7fa3fdf3b000 rw-p 00000000 00:00 0 
7fa3fdf3b000-7fa3fdf3e000 ---p 00000000 00:00 0 
7fa3fdf3e000-7fa3fe23c000 rw-p 00000000 00:00 0 
7fa3fe23c000-7fa3fe23f000 ---p 00000000 00:00 0 
7fa3fe23f000-7fa3fe33d000 rw-p 00000000 00:00 0 
7fa3fe33d000-7fa3fe340000 ---p 00000000 00:00 0 
7fa3fe340000-7fa3fe43e000 rw-p 00000000 00:00 0 
7fa3fe43e000-7fa3fe441000 ---p 00000000 00:00 0 
7fa3fe441000-7fa3fe53f000 rw-p 00000000 00:00 0 
7fa3fe53f000-7fa3fe542000 ---p 00000000 00:00 0 
7fa3fe542000-7fa3fe640000 rw-p 00000000 00:00 0 
7fa3fe640000-7fa3fe643000 ---p 00000000 00:00 0 
7fa3fe643000-7fa3fe741000 rw-p 00000000 00:00 0 
7fa3fe741000-7fa3fe744000 ---p 00000000 00:00 0 
7fa3fe744000-7fa3fe842000 rw-p 00000000 00:00 0 
7fa3fe842000-7fa3fe845000 ---p 00000000 00:00 0 
7fa3fe845000-7fa3feb43000 rw-p 00000000 00:00 0 
7fa3feb43000-7fa3ff759000 rw-s 00000000 00:05 6553611                    /SYSV00000000 (deleted)
7fa3ff759000-7fa3ffb3d000 rw-p 00000000 00:00 0 
7fa3ffb3d000-7fa3ffb40000 ---p 00000000 00:00 0 
7fa3ffb40000-7fa3ffc3e000 rw-p 00000000 00:00 0 
7fa3ffcbd000-7fa3ffcfd000 rw-s 00000000 00:18 36                         /dev/shm/DklhRdKVNiiQz3ZGWolRfA==
7fa3ffcfd000-7fa3ffd00000 ---p 00000000 00:00 0 
7fa3ffd00000-7fa3ffdfe000 rw-p 00000000 00:00 0 
7fa3ffdfe000-7fa3ffe01000 ---p 00000000 00:00 0 
7fa3ffe01000-7fa3ffeff000 rw-p 00000000 00:00 0 
7fa3ffeff000-7fa3fff02000 ---p 00000000 00:00 0 
7fa3fff02000-7fa400000000 rw-p 00000000 00:00 0 
7fa400000000-7fa400021000 rw-p 00000000 00:00 0 
7fa400021000-7fa404000000 ---p 00000000 00:00 0 
7fa404000000-7fa404021000 rw-p 00000000 00:00 0 
7fa404021000-7fa408000000 ---p 00000000 00:00 0 
7fa408000000-7fa4080e2000 rw-p 00000000 00:00 0 
7fa4080e2000-7fa40c000000 ---p 00000000 00:00 0 
7fa40c000000-7fa40c062000 rw-p 00000000 00:00 0 
7fa40c062000-7fa410000000 ---p 00000000 00:00 0 
7fa410000000-7fa410021000 rw-p 00000000 00:00 0 
7fa410021000-7fa414000000 ---p 00000000 00:00 0 
7fa414000000-7fa41457d000 rw-p 00000000 00:00 0 
7fa41457d000-7fa418000000 ---p 00000000 00:00 0 
7fa418000000-7fa418053000 rw-p 00000000 00:00 0 
7fa418053000-7fa41c000000 ---p 00000000 00:00 0 
7fa41c000000-7fa41c05d000 rw-p 00000000 00:00 0 
7fa41c05d000-7fa420000000 ---p 00000000 00:00 0 
7fa420000000-7fa4200a1000 rw-p 00000000 00:00 0 
7fa4200a1000-7fa424000000 ---p 00000000 00:00 0 
7fa424000000-7fa424021000 rw-p 00000000 00:00 0 
7fa424021000-7fa428000000 ---p 00000000 00:00 0 
7fa428004000-7fa428044000 rw-s 00000000 00:18 35                         /dev/shm/golD-8lKHnZKfuv1o7rCzw==
7fa428044000-7fa42805e000 r--p 00000000 08:05 8676076                    /opt/bitwig-studio/resources/fonts/SourceSansPro-Italic.ttf
7fa42806b000-7fa428072000 r--p 00000000 08:05 8676067                    /opt/bitwig-studio/resources/fonts/CPMono_v07_Plain.otf
7fa428072000-7fa428075000 ---p 00000000 00:00 0 
7fa428075000-7fa4280ab000 rw-p 00000000 00:00 0 
7fa4280ab000-7fa4280ae000 ---p 00000000 00:00 0 
7fa4280ae000-7fa4281ac000 rw-p 00000000 00:00 0 
7fa4281ac000-7fa4281af000 ---p 00000000 00:00 0 
7fa4281af000-7fa4282ad000 rw-p 00000000 00:00 0 
7fa4282ad000-7fa4282f5000 r--p 00000000 08:05 8676054                    /opt/bitwig-studio/resources/fonts/SourceSansPro-Semibold.ttf
7fa4282f5000-7fa4284f5000 rw-p 00000000 00:00 0 
7fa4284f5000-7fa428593000 r--p 00000000 08:05 8676070                    /opt/bitwig-studio/resources/fonts/Lato-Light.ttf
7fa428593000-7fa4285bd000 r-xp 00000000 08:05 8279308                    /opt/bitwig-studio/lib/jre/lib/amd64/libdcpr.so
7fa4285bd000-7fa4287bd000 ---p 0002a000 08:05 8279308                    /opt/bitwig-studio/lib/jre/lib/amd64/libdcpr.so
7fa4287bd000-7fa4287c0000 rw-p 0002a000 08:05 8279308                    /opt/bitwig-studio/lib/jre/lib/amd64/libdcpr.so
7fa4287c0000-7fa4287c3000 ---p 00000000 00:00 0 
7fa4287c3000-7fa428ac1000 rw-p 00000000 00:00 0 
7fa428ac1000-7fa428ac8000 r-xp 00000000 08:05 8279304                    /opt/bitwig-studio/lib/jre/lib/amd64/libawt_headless.so
7fa428ac8000-7fa428cc7000 ---p 00007000 08:05 8279304                    /opt/bitwig-studio/lib/jre/lib/amd64/libawt_headless.so
7fa428cc7000-7fa428cc8000 rw-p 00006000 08:05 8279304                    /opt/bitwig-studio/lib/jre/lib/amd64/libawt_headless.so
7fa428cc8000-7fa428d6a000 r-xp 00000000 08:05 8279296                    /opt/bitwig-studio/lib/jre/lib/amd64/libawt.so
7fa428d6a000-7fa428f6a000 ---p 000a2000 08:05 8279296                    /opt/bitwig-studio/lib/jre/lib/amd64/libawt.so
7fa428f6a000-7fa428f76000 rw-p 000a2000 08:05 8279296                    /opt/bitwig-studio/lib/jre/lib/amd64/libawt.so
7fa428f76000-7fa428f9a000 rw-p 00000000 00:00 0 
7fa428f9a000-7fa428fb6000 r--s 00393000 08:05 8279405                    /opt/bitwig-studio/lib/jre/lib/ext/cldrdata.jar
7fa428fb6000-7fa428fc0000 r--s 00116000 08:05 8279402                    /opt/bitwig-studio/lib/jre/lib/ext/localedata.jar
7fa428fc0000-7fa4291c0000 rw-p 00000000 00:00 0 
7fa4291c0000-7fa4291ca000 r--p 00000000 08:05 8676071                    /opt/bitwig-studio/resources/fonts/NotoSansThai-Regular.ttf
7fa4291ca000-7fa4291f4000 r--p 00000000 08:05 8676060                    /opt/bitwig-studio/resources/fonts/NotoSansTelugu-Regular.ttf
7fa4291f4000-7fa429206000 r--p 00000000 08:05 8676052                    /opt/bitwig-studio/resources/fonts/NotoSansTamil-Regular.ttf
7fa429206000-7fa42920e000 r--p 00000000 08:05 8676062                    /opt/bitwig-studio/resources/fonts/NotoSansLao-Regular.ttf
7fa42920e000-7fa429215000 r--p 00000000 08:05 8676066                    /opt/bitwig-studio/resources/fonts/NotoSansHebrew-Regular.ttf
7fa429215000-7fa429224000 r--p 00000000 08:05 8676053                    /opt/bitwig-studio/resources/fonts/NotoSansGurmukhi-Regular.ttf
7fa429224000-7fa42922f000 r--p 00000000 08:05 8676065                    /opt/bitwig-studio/resources/fonts/NotoSansGeorgian-Regular.ttf
7fa42922f000-7fa429263000 r--p 00000000 08:05 8676056                    /opt/bitwig-studio/resources/fonts/NotoSansDevanagari-Regular.ttf
7fa429263000-7fa42927b000 r--p 00000000 08:05 8676063                    /opt/bitwig-studio/resources/fonts/NotoSansCherokee-Regular.ttf
7fa42927b000-7fa4292aa000 r--p 00000000 08:05 8676068                    /opt/bitwig-studio/resources/fonts/NotoSansBengali-Regular.ttf
7fa4292aa000-7fa4292d8000 r--p 00000000 08:05 8676074                    /opt/bitwig-studio/resources/fonts/NotoSansArabic-Regular.ttf
7fa4292d8000-7fa42a283000 r--p 00000000 08:05 8676075                    /opt/bitwig-studio/resources/fonts/NotoSansCJKjp-Regular.otf
7fa42a283000-7fa42a2cb000 r--p 00000000 08:05 8676058                    /opt/bitwig-studio/resources/fonts/SourceSansPro-Regular.ttf
7fa42a2cb000-7fa42a4cb000 rw-p 00000000 00:00 0 
7fa42a4cb000-7fa42a4ce000 ---p 00000000 00:00 0 
7fa42a4ce000-7fa42a5cc000 rw-p 00000000 00:00 0 
7fa42a5cc000-7fa42a5cf000 ---p 00000000 00:00 0 
7fa42a5cf000-7fa42a6cd000 rw-p 00000000 00:00 0 
7fa42a6cd000-7fa42a762000 r--p 00000000 08:05 8276866                    /opt/bitwig-studio/lib/bitwig-studio/libbase-file-notification-linux.so
7fa42a762000-7fa42a82a000 r-xp 00095000 08:05 8276866                    /opt/bitwig-studio/lib/bitwig-studio/libbase-file-notification-linux.so
7fa42a82a000-7fa42a8a1000 r--p 0015d000 08:05 8276866                    /opt/bitwig-studio/lib/bitwig-studio/libbase-file-notification-linux.so
7fa42a8a1000-7fa42a8a2000 ---p 001d4000 08:05 8276866                    /opt/bitwig-studio/lib/bitwig-studio/libbase-file-notification-linux.so
7fa42a8a2000-7fa42a8ad000 r--p 001d4000 08:05 8276866                    /opt/bitwig-studio/lib/bitwig-studio/libbase-file-notification-linux.so
7fa42a8ad000-7fa42a8b0000 rw-p 001df000 08:05 8276866                    /opt/bitwig-studio/lib/bitwig-studio/libbase-file-notification-linux.so
7fa42a8b0000-7fa42a8b3000 rw-p 00000000 00:00 0 
7fa42a8b3000-7fa42a8b6000 ---p 00000000 00:00 0 
7fa42a8b6000-7fa42a9b4000 rw-p 00000000 00:00 0 
7fa42a9b4000-7fa42a9b7000 ---p 00000000 00:00 0 
7fa42a9b7000-7fa42acb5000 rw-p 00000000 00:00 0 
7fa42acb5000-7fa42acb8000 ---p 00000000 00:00 0 
7fa42acb8000-7fa42adb6000 rw-p 00000000 00:00 0 
7fa42adb6000-7fa42adb9000 ---p 00000000 00:00 0 
7fa42adb9000-7fa42aeb7000 rw-p 00000000 00:00 0 
7fa42aeb7000-7fa42aeb8000 ---p 00000000 00:00 0 
7fa42aeb8000-7fa42b6b8000 rw-p 00000000 00:00 0 
7fa42b6b8000-7fa42b6f7000 r-xp 00000000 08:05 2892300                    /tmp/bitwig-psc/usb4java3028875111850758531.tmp/libusb4java.so
7fa42b6f7000-7fa42b8f6000 ---p 0003f000 08:05 2892300                    /tmp/bitwig-psc/usb4java3028875111850758531.tmp/libusb4java.so
7fa42b8f6000-7fa42b8f9000 rw-p 0003e000 08:05 2892300                    /tmp/bitwig-psc/usb4java3028875111850758531.tmp/libusb4java.so
7fa42b8f9000-7fa42b8fc000 ---p 00000000 00:00 0 
7fa42b8fc000-7fa42b9fa000 rw-p 00000000 00:00 0 
7fa42b9fa000-7fa42b9fd000 ---p 00000000 00:00 0 
7fa42b9fd000-7fa42bcfb000 rw-p 00000000 00:00 0 
7fa42bcfb000-7fa42bcfe000 r-xp 00000000 08:05 10773952                   /lib/x86_64-linux-gnu/libnss_mdns4_minimal.so.2
7fa42bcfe000-7fa42befd000 ---p 00003000 08:05 10773952                   /lib/x86_64-linux-gnu/libnss_mdns4_minimal.so.2
7fa42befd000-7fa42befe000 r--p 00002000 08:05 10773952                   /lib/x86_64-linux-gnu/libnss_mdns4_minimal.so.2
7fa42befe000-7fa42beff000 rw-p 00003000 08:05 10773952                   /lib/x86_64-linux-gnu/libnss_mdns4_minimal.so.2
7fa42beff000-7fa42bf02000 ---p 00000000 00:00 0 
7fa42bf02000-7fa42c000000 rw-p 00000000 00:00 0 
7fa42c000000-7fa42c042000 rw-p 00000000 00:00 0 
7fa42c042000-7fa430000000 ---p 00000000 00:00 0 
7fa430000000-7fa430021000 rw-p 00000000 00:00 0 
7fa430021000-7fa434000000 ---p 00000000 00:00 0 
7fa434000000-7fa434021000 rw-p 00000000 00:00 0 
7fa434021000-7fa438000000 ---p 00000000 00:00 0 
7fa438005000-7fa43800d000 r--p 00000000 08:05 8676059                    /opt/bitwig-studio/resources/fonts/NotoSansArmenian-Regular.ttf
7fa43800d000-7fa43804c000 r--s 003f7000 08:05 3683545                    /home/psc/Bitwig Studio/Extensions/DrivenByMoss.bwextension
7fa43804c000-7fa438064000 r--p 00000000 08:05 3689981                    /home/psc/.BitwigStudio/index/7E9A889FCBFBD167E91B0B2848266CCE-audio.index
7fa438064000-7fa43808e000 r--p 00000000 08:05 3683570                    /home/psc/.BitwigStudio/index/853A21ADD5DD72AFD43B1DC654071BD1-bitwig-presets.index
7fa43808e000-7fa43828e000 rw-p 00000000 00:00 0 
7fa43828e000-7fa438291000 ---p 00000000 00:00 0 
7fa438291000-7fa43838f000 rw-p 00000000 00:00 0 
7fa43838f000-7fa438422000 r--p 00000000 08:05 8276870                    /opt/bitwig-studio/lib/bitwig-studio/libcairo-freetype-font-system.so
7fa438422000-7fa4384e7000 r-xp 00093000 08:05 8276870                    /opt/bitwig-studio/lib/bitwig-studio/libcairo-freetype-font-system.so
7fa4384e7000-7fa43855d000 r--p 00158000 08:05 8276870                    /opt/bitwig-studio/lib/bitwig-studio/libcairo-freetype-font-system.so
7fa43855d000-7fa43855e000 ---p 001ce000 08:05 8276870                    /opt/bitwig-studio/lib/bitwig-studio/libcairo-freetype-font-system.so
7fa43855e000-7fa438569000 r--p 001ce000 08:05 8276870                    /opt/bitwig-studio/lib/bitwig-studio/libcairo-freetype-font-system.so
7fa438569000-7fa43856c000 rw-p 001d9000 08:05 8276870                    /opt/bitwig-studio/lib/bitwig-studio/libcairo-freetype-font-system.so
7fa43856c000-7fa43856f000 rw-p 00000000 00:00 0 
7fa43856f000-7fa438572000 ---p 00000000 00:00 0 
7fa438572000-7fa438670000 rw-p 00000000 00:00 0 
7fa438670000-7fa438708000 r--p 00000000 08:05 8276876                    /opt/bitwig-studio/lib/bitwig-studio/libcairo-graphics.so
7fa438708000-7fa4387d0000 r-xp 00098000 08:05 8276876                    /opt/bitwig-studio/lib/bitwig-studio/libcairo-graphics.so
7fa4387d0000-7fa438848000 r--p 00160000 08:05 8276876                    /opt/bitwig-studio/lib/bitwig-studio/libcairo-graphics.so
7fa438848000-7fa438853000 r--p 001d7000 08:05 8276876                    /opt/bitwig-studio/lib/bitwig-studio/libcairo-graphics.so
7fa438853000-7fa438856000 rw-p 001e2000 08:05 8276876                    /opt/bitwig-studio/lib/bitwig-studio/libcairo-graphics.so
7fa438856000-7fa438859000 rw-p 00000000 00:00 0 
7fa438859000-7fa438899000 r--p 00000000 08:05 7757088                    /usr/lib/x86_64-linux-gnu/libGLdispatch.so.0.0.0
7fa438899000-7fa4388b8000 r-xp 00040000 08:05 7757088                    /usr/lib/x86_64-linux-gnu/libGLdispatch.so.0.0.0
7fa4388b8000-7fa4388cb000 r--p 0005f000 08:05 7757088                    /usr/lib/x86_64-linux-gnu/libGLdispatch.so.0.0.0
7fa4388cb000-7fa4388cc000 ---p 00072000 08:05 7757088                    /usr/lib/x86_64-linux-gnu/libGLdispatch.so.0.0.0
7fa4388cc000-7fa4388f5000 r--p 00072000 08:05 7757088                    /usr/lib/x86_64-linux-gnu/libGLdispatch.so.0.0.0
7fa4388f5000-7fa4388f6000 rw-p 0009b000 08:05 7757088                    /usr/lib/x86_64-linux-gnu/libGLdispatch.so.0.0.0
7fa4388f6000-7fa438916000 rw-p 00000000 00:00 0 
7fa438916000-7fa438919000 r--p 00000000 08:05 7757083                    /usr/lib/x86_64-linux-gnu/libGLX.so.0.0.0
7fa438919000-7fa438924000 r-xp 00003000 08:05 7757083                    /usr/lib/x86_64-linux-gnu/libGLX.so.0.0.0
7fa438924000-7fa438927000 r--p 0000e000 08:05 7757083                    /usr/lib/x86_64-linux-gnu/libGLX.so.0.0.0
7fa438927000-7fa438928000 ---p 00011000 08:05 7757083                    /usr/lib/x86_64-linux-gnu/libGLX.so.0.0.0
7fa438928000-7fa438929000 r--p 00011000 08:05 7757083                    /usr/lib/x86_64-linux-gnu/libGLX.so.0.0.0
7fa438929000-7fa43892a000 rw-p 00012000 08:05 7757083                    /usr/lib/x86_64-linux-gnu/libGLX.so.0.0.0
7fa43892a000-7fa43894a000 rw-p 00000000 00:00 0 
7fa43894a000-7fa43894f000 r-xp 00000000 08:05 7757385                    /usr/lib/x86_64-linux-gnu/libXfixes.so.3.1.0
7fa43894f000-7fa438b4e000 ---p 00005000 08:05 7757385                    /usr/lib/x86_64-linux-gnu/libXfixes.so.3.1.0
7fa438b4e000-7fa438b4f000 r--p 00004000 08:05 7757385                    /usr/lib/x86_64-linux-gnu/libXfixes.so.3.1.0
7fa438b4f000-7fa438b50000 rw-p 00005000 08:05 7757385                    /usr/lib/x86_64-linux-gnu/libXfixes.so.3.1.0
7fa438b50000-7fa438b59000 r-xp 00000000 08:05 7757403                    /usr/lib/x86_64-linux-gnu/libXrender.so.1.3.0
7fa438b59000-7fa438d58000 ---p 00009000 08:05 7757403                    /usr/lib/x86_64-linux-gnu/libXrender.so.1.3.0
7fa438d58000-7fa438d59000 r--p 00008000 08:05 7757403                    /usr/lib/x86_64-linux-gnu/libXrender.so.1.3.0
7fa438d59000-7fa438d5a000 rw-p 00009000 08:05 7757403                    /usr/lib/x86_64-linux-gnu/libXrender.so.1.3.0
7fa438d5a000-7fa438df7000 r-xp 00000000 08:05 7758720                    /usr/lib/x86_64-linux-gnu/libpixman-1.so.0.34.0
7fa438df7000-7fa438ff6000 ---p 0009d000 08:05 7758720                    /usr/lib/x86_64-linux-gnu/libpixman-1.so.0.34.0
7fa438ff6000-7fa438ffe000 r--p 0009c000 08:05 7758720                    /usr/lib/x86_64-linux-gnu/libpixman-1.so.0.34.0
7fa438ffe000-7fa438fff000 rw-p 000a4000 08:05 7758720                    /usr/lib/x86_64-linux-gnu/libpixman-1.so.0.34.0
7fa438fff000-7fa43c000000 rw-p 00000000 00:00 0 
7fa43c000000-7fa43c021000 rw-p 00000000 00:00 0 
7fa43c021000-7fa440000000 ---p 00000000 00:00 0 
7fa440006000-7fa44000d000 r--s 00000000 08:05 8278443                    /usr/lib/x86_64-linux-gnu/gconv/gconv-modules.cache
7fa44000d000-7fa440027000 r-xp 00000000 08:05 8276884                    /opt/bitwig-studio/lib/bitwig-studio/libbsd.so.0
7fa440027000-7fa440028000 ---p 0001a000 08:05 8276884                    /opt/bitwig-studio/lib/bitwig-studio/libbsd.so.0
7fa440028000-7fa440029000 r--p 0001a000 08:05 8276884                    /opt/bitwig-studio/lib/bitwig-studio/libbsd.so.0
7fa440029000-7fa44002a000 rw-p 0001b000 08:05 8276884                    /opt/bitwig-studio/lib/bitwig-studio/libbsd.so.0
7fa44002a000-7fa44002b000 rw-p 00000000 00:00 0 
7fa44002b000-7fa440043000 r--p 00000000 08:05 7757366                    /usr/lib/x86_64-linux-gnu/libX11.so.6.3.0
7fa440043000-7fa4400cb000 r-xp 00018000 08:05 7757366                    /usr/lib/x86_64-linux-gnu/libX11.so.6.3.0
7fa4400cb000-7fa44015f000 r--p 000a0000 08:05 7757366                    /usr/lib/x86_64-linux-gnu/libX11.so.6.3.0
7fa44015f000-7fa440160000 ---p 00134000 08:05 7757366                    /usr/lib/x86_64-linux-gnu/libX11.so.6.3.0
7fa440160000-7fa440161000 r--p 00134000 08:05 7757366                    /usr/lib/x86_64-linux-gnu/libX11.so.6.3.0
7fa440161000-7fa440165000 rw-p 00135000 08:05 7757366                    /usr/lib/x86_64-linux-gnu/libX11.so.6.3.0
7fa440165000-7fa440205000 r-xp 00000000 08:05 8276880                    /opt/bitwig-studio/lib/bitwig-studio/libharfbuzz.so.0
7fa440205000-7fa440206000 ---p 000a0000 08:05 8276880                    /opt/bitwig-studio/lib/bitwig-studio/libharfbuzz.so.0
7fa440206000-7fa440207000 r--p 000a0000 08:05 8276880                    /opt/bitwig-studio/lib/bitwig-studio/libharfbuzz.so.0
7fa440207000-7fa440208000 rw-p 000a1000 08:05 8276880                    /opt/bitwig-studio/lib/bitwig-studio/libharfbuzz.so.0
7fa440208000-7fa44024b000 r--p 00000000 08:05 7757075                    /usr/lib/x86_64-linux-gnu/libGL.so.1.7.0
7fa44024b000-7fa44026a000 r-xp 00043000 08:05 7757075                    /usr/lib/x86_64-linux-gnu/libGL.so.1.7.0
7fa44026a000-7fa44027f000 r--p 00062000 08:05 7757075                    /usr/lib/x86_64-linux-gnu/libGL.so.1.7.0
7fa44027f000-7fa440280000 ---p 00077000 08:05 7757075                    /usr/lib/x86_64-linux-gnu/libGL.so.1.7.0
7fa440280000-7fa44029a000 r--p 00077000 08:05 7757075                    /usr/lib/x86_64-linux-gnu/libGL.so.1.7.0
7fa44029a000-7fa44029b000 rw-p 00091000 08:05 7757075                    /usr/lib/x86_64-linux-gnu/libGL.so.1.7.0
7fa44029b000-7fa44029c000 rw-p 00000000 00:00 0 
7fa44029c000-7fa4402b5000 r-xp 00000000 08:05 8276877                    /opt/bitwig-studio/lib/bitwig-studio/libxcb-xkb.so.1
7fa4402b5000-7fa4404b4000 ---p 00019000 08:05 8276877                    /opt/bitwig-studio/lib/bitwig-studio/libxcb-xkb.so.1
7fa4404b4000-7fa4404b5000 r--p 00018000 08:05 8276877                    /opt/bitwig-studio/lib/bitwig-studio/libxcb-xkb.so.1
7fa4404b5000-7fa4404b6000 rw-p 00019000 08:05 8276877                    /opt/bitwig-studio/lib/bitwig-studio/libxcb-xkb.so.1
7fa4404b6000-7fa440573000 r-xp 00000000 08:05 8276879                    /opt/bitwig-studio/lib/bitwig-studio/libfreetype.so.6
7fa440573000-7fa44057a000 r--p 000bc000 08:05 8276879                    /opt/bitwig-studio/lib/bitwig-studio/libfreetype.so.6
7fa44057a000-7fa44057b000 rw-p 000c3000 08:05 8276879                    /opt/bitwig-studio/lib/bitwig-studio/libfreetype.so.6
7fa44057b000-7fa44068f000 r-xp 00000000 08:05 8276869                    /opt/bitwig-studio/lib/bitwig-studio/libcairo.so.2
7fa44068f000-7fa440690000 ---p 00114000 08:05 8276869                    /opt/bitwig-studio/lib/bitwig-studio/libcairo.so.2
7fa440690000-7fa440692000 r--p 00114000 08:05 8276869                    /opt/bitwig-studio/lib/bitwig-studio/libcairo.so.2
7fa440692000-7fa440693000 rw-p 00116000 08:05 8276869                    /opt/bitwig-studio/lib/bitwig-studio/libcairo.so.2
7fa440693000-7fa440695000 rw-p 00000000 00:00 0 
7fa440695000-7fa440734000 r--p 00000000 08:05 8276889                    /opt/bitwig-studio/lib/bitwig-studio/libx11-windowing-system.so
7fa440734000-7fa44082e000 r-xp 0009f000 08:05 8276889                    /opt/bitwig-studio/lib/bitwig-studio/libx11-windowing-system.so
7fa44082e000-7fa4408c5000 r--p 00199000 08:05 8276889                    /opt/bitwig-studio/lib/bitwig-studio/libx11-windowing-system.so
7fa4408c5000-7fa4408c6000 ---p 00230000 08:05 8276889                    /opt/bitwig-studio/lib/bitwig-studio/libx11-windowing-system.so
7fa4408c6000-7fa4408d2000 r--p 00230000 08:05 8276889                    /opt/bitwig-studio/lib/bitwig-studio/libx11-windowing-system.so
7fa4408d2000-7fa4408d6000 rw-p 0023c000 08:05 8276889                    /opt/bitwig-studio/lib/bitwig-studio/libx11-windowing-system.so
7fa4408d6000-7fa440ad9000 rw-p 00000000 00:00 0 
7fa440ad9000-7fa440b8c000 r-xp 00000000 08:05 2892251                    /tmp/bitwig-psc/sqlite-3.8.0-amd64-libsqlitejdbc.so
7fa440b8c000-7fa440d8c000 ---p 000b3000 08:05 2892251                    /tmp/bitwig-psc/sqlite-3.8.0-amd64-libsqlitejdbc.so
7fa440d8c000-7fa440d90000 rw-p 000b3000 08:05 2892251                    /tmp/bitwig-psc/sqlite-3.8.0-amd64-libsqlitejdbc.so
7fa440d90000-7fa440f91000 rw-p 00000000 00:00 0 
7fa440f91000-7fa441191000 rw-p 00000000 00:00 0 
7fa441191000-7fa441391000 rw-p 00000000 00:00 0 
7fa441391000-7fa4413a2000 r-xp 00000000 08:05 8279311                    /opt/bitwig-studio/lib/jre/lib/amd64/libnio.so
7fa4413a2000-7fa4415a1000 ---p 00011000 08:05 8279311                    /opt/bitwig-studio/lib/jre/lib/amd64/libnio.so
7fa4415a1000-7fa4415a2000 rw-p 00010000 08:05 8279311                    /opt/bitwig-studio/lib/jre/lib/amd64/libnio.so
7fa4415a2000-7fa4415b8000 r-xp 00000000 08:05 8279301                    /opt/bitwig-studio/lib/jre/lib/amd64/libnet.so
7fa4415b8000-7fa4417b8000 ---p 00016000 08:05 8279301                    /opt/bitwig-studio/lib/jre/lib/amd64/libnet.so
7fa4417b8000-7fa4417b9000 rw-p 00016000 08:05 8279301                    /opt/bitwig-studio/lib/jre/lib/amd64/libnet.so
7fa4417b9000-7fa4417eb000 r-xp 00000000 08:05 8278933                    /opt/bitwig-studio/lib/jre/lib/amd64/libsunec.so
7fa4417eb000-7fa4419ea000 ---p 00032000 08:05 8278933                    /opt/bitwig-studio/lib/jre/lib/amd64/libsunec.so
7fa4419ea000-7fa4419f0000 rw-p 00031000 08:05 8278933                    /opt/bitwig-studio/lib/jre/lib/amd64/libsunec.so
7fa4419f0000-7fa441c00000 rw-p 00000000 00:00 0 
7fa441c00000-7fa441e00000 rw-p 00000000 00:00 0 
7fa441e00000-7fa442000000 rw-p 00000000 00:00 0 
7fa442000000-7fa442200000 rw-p 00000000 00:00 0 
7fa442200000-7fa442400000 rw-p 00000000 00:00 0 
7fa442400000-7fa442600000 rw-p 00000000 00:00 0 
7fa442600000-7fa442800000 rw-p 00000000 00:00 0 
7fa442800000-7fa442a00000 rw-p 00000000 00:00 0 
7fa442a00000-7fa442c00000 rw-p 00000000 00:00 0 
7fa442c00000-7fa442df9000 rw-p 00000000 00:00 0 
7fa442df9000-7fa442e00000 ---p 00000000 00:00 0 
7fa442e00000-7fa442fff000 rw-p 00000000 00:00 0 
7fa442fff000-7fa443000000 ---p 00000000 00:00 0 
7fa443000000-7fa4431ff000 rw-p 00000000 00:00 0 
7fa4431ff000-7fa443200000 ---p 00000000 00:00 0 
7fa443200000-7fa443400000 rw-p 00000000 00:00 0 
7fa443400000-7fa443600000 rw-p 00000000 00:00 0 
7fa443600000-7fa443800000 rw-p 00000000 00:00 0 
7fa443800000-7fa443a00000 rw-p 00000000 00:00 0 
7fa443a00000-7fa443c00000 rw-p 00000000 00:00 0 
7fa443c00000-7fa443e00000 rw-p 00000000 00:00 0 
7fa443e00000-7fa444000000 rw-p 00000000 00:00 0 
7fa444000000-7fa444021000 rw-p 00000000 00:00 0 
7fa444021000-7fa448000000 ---p 00000000 00:00 0 
7fa448000000-7fa44837c000 rw-p 00000000 00:00 0 
7fa44837c000-7fa44c000000 ---p 00000000 00:00 0 
7fa44c000000-7fa44d111000 rw-p 00000000 00:00 0 
7fa44d111000-7fa450000000 ---p 00000000 00:00 0 
7fa450000000-7fa450021000 rw-p 00000000 00:00 0 
7fa450021000-7fa454000000 ---p 00000000 00:00 0 
7fa454000000-7fa455be3000 rw-p 00000000 00:00 0 
7fa455be3000-7fa458000000 ---p 00000000 00:00 0 
7fa458000000-7fa459c6e000 rw-p 00000000 00:00 0 
7fa459c6e000-7fa45c000000 ---p 00000000 00:00 0 
7fa45c000000-7fa45c021000 rw-p 00000000 00:00 0 
7fa45c021000-7fa460000000 ---p 00000000 00:00 0 
7fa460000000-7fa460021000 rw-p 00000000 00:00 0 
7fa460021000-7fa464000000 ---p 00000000 00:00 0 
7fa464000000-7fa464021000 rw-p 00000000 00:00 0 
7fa464021000-7fa468000000 ---p 00000000 00:00 0 
7fa468000000-7fa468021000 rw-p 00000000 00:00 0 
7fa468021000-7fa46c000000 ---p 00000000 00:00 0 
7fa46c000000-7fa46c005000 r--s 002f9000 08:05 8279489                    /opt/bitwig-studio/lib/jre/lib/charsets.jar
7fa46c005000-7fa46c018000 r--s 00345000 08:05 8279313                    /opt/bitwig-studio/lib/jre/lib/resources.jar
7fa46c018000-7fa46c01a000 r--p 00000000 08:05 10769573                   /lib/x86_64-linux-gnu/libbz2.so.1.0.4
7fa46c01a000-7fa46c027000 r-xp 00002000 08:05 10769573                   /lib/x86_64-linux-gnu/libbz2.so.1.0.4
7fa46c027000-7fa46c029000 r--p 0000f000 08:05 10769573                   /lib/x86_64-linux-gnu/libbz2.so.1.0.4
7fa46c029000-7fa46c02a000 r--p 00010000 08:05 10769573                   /lib/x86_64-linux-gnu/libbz2.so.1.0.4
7fa46c02a000-7fa46c02b000 rw-p 00011000 08:05 10769573                   /lib/x86_64-linux-gnu/libbz2.so.1.0.4
7fa46c02b000-7fa46c047000 r-xp 00000000 08:05 8276885                    /opt/bitwig-studio/lib/bitwig-studio/libz.so.1
7fa46c047000-7fa46c048000 r--p 0001b000 08:05 8276885                    /opt/bitwig-studio/lib/bitwig-studio/libz.so.1
7fa46c048000-7fa46c049000 rw-p 0001c000 08:05 8276885                    /opt/bitwig-studio/lib/bitwig-studio/libz.so.1
7fa46c049000-7fa46c04c000 ---p 00000000 00:00 0 
7fa46c04c000-7fa46c34a000 rw-p 00000000 00:00 0 
7fa46c34a000-7fa46c54a000 rw-p 00000000 00:00 0 
7fa46c54a000-7fa46c74a000 rw-p 00000000 00:00 0 
7fa46c74a000-7fa46c94a000 rw-p 00000000 00:00 0 
7fa46c94a000-7fa46cb4a000 rw-p 00000000 00:00 0 
7fa46cb4c000-7fa46cb4f000 r--p 00000000 08:05 8676069                    /opt/bitwig-studio/resources/fonts/NotoSansRunic-Regular.ttf
7fa46cb4f000-7fa46cbe4000 r--p 00000000 08:05 8276865                    /opt/bitwig-studio/lib/bitwig-studio/libbase-platform.so
7fa46cbe4000-7fa46ccac000 r-xp 00095000 08:05 8276865                    /opt/bitwig-studio/lib/bitwig-studio/libbase-platform.so
7fa46ccac000-7fa46cd23000 r--p 0015d000 08:05 8276865                    /opt/bitwig-studio/lib/bitwig-studio/libbase-platform.so
7fa46cd23000-7fa46cd24000 ---p 001d4000 08:05 8276865                    /opt/bitwig-studio/lib/bitwig-studio/libbase-platform.so
7fa46cd24000-7fa46cd2f000 r--p 001d4000 08:05 8276865                    /opt/bitwig-studio/lib/bitwig-studio/libbase-platform.so
7fa46cd2f000-7fa46cd32000 rw-p 001df000 08:05 8276865                    /opt/bitwig-studio/lib/bitwig-studio/libbase-platform.so
7fa46cd32000-7fa46cf35000 rw-p 00000000 00:00 0 
7fa46cf36000-7fa46cf37000 rw-s 00000000 00:18 43                         /dev/shm/YR0TSv (deleted)
7fa46cf37000-7fa46cf3b000 r--p 00000000 08:05 3683724                    /home/psc/.BitwigStudio/index/C1AE33EBA4107F40F2C53EE7F61260AE-vst2.index
7fa46cf3b000-7fa46cf41000 r--s 0003f000 08:05 8279357                    /opt/bitwig-studio/lib/jre/lib/ext/sunjce_provider.jar
7fa46cf41000-7fa46cf4e000 r-xp 00000000 08:05 8276881                    /opt/bitwig-studio/lib/bitwig-studio/libxcb-render.so.0
7fa46cf4e000-7fa46cf4f000 r--p 0000c000 08:05 8276881                    /opt/bitwig-studio/lib/bitwig-studio/libxcb-render.so.0
7fa46cf4f000-7fa46cf50000 rw-p 0000d000 08:05 8276881                    /opt/bitwig-studio/lib/bitwig-studio/libxcb-render.so.0
7fa46cf50000-7fa46cf92000 r-xp 00000000 08:05 8276887                    /opt/bitwig-studio/lib/bitwig-studio/libpng16.so.16
7fa46cf92000-7fa46cf93000 r--p 00041000 08:05 8276887                    /opt/bitwig-studio/lib/bitwig-studio/libpng16.so.16
7fa46cf93000-7fa46cf94000 rw-p 00042000 08:05 8276887                    /opt/bitwig-studio/lib/bitwig-studio/libpng16.so.16
7fa46cf94000-7fa46cf96000 r-xp 00000000 08:05 8276886                    /opt/bitwig-studio/lib/bitwig-studio/libXau.so.6
7fa46cf96000-7fa46cf97000 ---p 00002000 08:05 8276886                    /opt/bitwig-studio/lib/bitwig-studio/libXau.so.6
7fa46cf97000-7fa46cf98000 r--p 00002000 08:05 8276886                    /opt/bitwig-studio/lib/bitwig-studio/libXau.so.6
7fa46cf98000-7fa46cf99000 rw-p 00003000 08:05 8276886                    /opt/bitwig-studio/lib/bitwig-studio/libXau.so.6
7fa46cf99000-7fa46cfa8000 r-xp 00000000 08:05 8276867                    /opt/bitwig-studio/lib/bitwig-studio/libxcb-randr.so.0
7fa46cfa8000-7fa46cfa9000 ---p 0000f000 08:05 8276867                    /opt/bitwig-studio/lib/bitwig-studio/libxcb-randr.so.0
7fa46cfa9000-7fa46cfaa000 r--p 0000f000 08:05 8276867                    /opt/bitwig-studio/lib/bitwig-studio/libxcb-randr.so.0
7fa46cfaa000-7fa46cfab000 rw-p 00010000 08:05 8276867                    /opt/bitwig-studio/lib/bitwig-studio/libxcb-randr.so.0
7fa46cfab000-7fa46cfac000 rw-s 00000000 00:18 42                         /dev/shm/sem.BuRUYQc+0TpBxA7ShO84Zw==
7fa46cfac000-7fa46cfad000 r--p 00000000 08:05 3683691                    /home/psc/.BitwigStudio/index/FCED3CEE53BE8B2AB650227A90A63B6C-vst2.index
7fa46cfad000-7fa46cfae000 r--p 00000000 08:05 3690363                    /home/psc/.BitwigStudio/index/2D30465CE07659256D0D983F5B273687-template.index
7fa46cfae000-7fa46cfaf000 r--p 00000000 08:05 10773944                   /lib/x86_64-linux-gnu/libnss_dns-2.28.so
7fa46cfaf000-7fa46cfb3000 r-xp 00001000 08:05 10773944                   /lib/x86_64-linux-gnu/libnss_dns-2.28.so
7fa46cfb3000-7fa46cfb4000 r--p 00005000 08:05 10773944                   /lib/x86_64-linux-gnu/libnss_dns-2.28.so
7fa46cfb4000-7fa46cfb5000 r--p 00005000 08:05 10773944                   /lib/x86_64-linux-gnu/libnss_dns-2.28.so
7fa46cfb5000-7fa46cfb6000 rw-p 00006000 08:05 10773944                   /lib/x86_64-linux-gnu/libnss_dns-2.28.so
7fa46cfb6000-7fa46cfba000 r--p 00000000 08:05 10773994                   /lib/x86_64-linux-gnu/libresolv-2.28.so
7fa46cfba000-7fa46cfc9000 r-xp 00004000 08:05 10773994                   /lib/x86_64-linux-gnu/libresolv-2.28.so
7fa46cfc9000-7fa46cfcd000 r--p 00013000 08:05 10773994                   /lib/x86_64-linux-gnu/libresolv-2.28.so
7fa46cfcd000-7fa46cfce000 r--p 00016000 08:05 10773994                   /lib/x86_64-linux-gnu/libresolv-2.28.so
7fa46cfce000-7fa46cfcf000 rw-p 00017000 08:05 10773994                   /lib/x86_64-linux-gnu/libresolv-2.28.so
7fa46cfcf000-7fa46cfd1000 rw-p 00000000 00:00 0 
7fa46cfd1000-7fa46cfd2000 r--p 00000000 08:05 8276872                    /opt/bitwig-studio/lib/bitwig-studio/libgraphics-core.so
7fa46cfd2000-7fa46cfd3000 r-xp 00001000 08:05 8276872                    /opt/bitwig-studio/lib/bitwig-studio/libgraphics-core.so
7fa46cfd3000-7fa46cfd4000 r--p 00002000 08:05 8276872                    /opt/bitwig-studio/lib/bitwig-studio/libgraphics-core.so
7fa46cfd4000-7fa46cfd5000 r--p 00002000 08:05 8276872                    /opt/bitwig-studio/lib/bitwig-studio/libgraphics-core.so
7fa46cfd5000-7fa46cfd6000 rw-p 00003000 08:05 8276872                    /opt/bitwig-studio/lib/bitwig-studio/libgraphics-core.so
7fa46cfd6000-7fa46cfd9000 ---p 00000000 00:00 0 
7fa46cfd9000-7fa46d2c9000 rw-p 00000000 00:00 0 
7fa46d2c9000-7fa46d2d7000 ---p 00000000 00:00 0 
7fa46d2d7000-7fa46d4d7000 rw-p 00000000 00:00 0 
7fa46d4d7000-7fa46d6d5000 rw-p 00000000 00:00 0 
7fa46d6d5000-7fa46d6d7000 ---p 00000000 00:00 0 
7fa46d6d7000-7fa46d8d7000 rw-p 00000000 00:00 0 
7fa46d8d7000-7fa46dad7000 rw-p 00000000 00:00 0 
7fa46dad7000-7fa46dcd0000 rw-p 00000000 00:00 0 
7fa46dcd0000-7fa46dcd7000 ---p 00000000 00:00 0 
7fa46dcd7000-7fa46ded7000 rw-p 00000000 00:00 0 
7fa46ded7000-7fa46e0d7000 rw-p 00000000 00:00 0 
7fa46e0d7000-7fa46e2d7000 rw-p 00000000 00:00 0 
7fa46e2d7000-7fa46e4d7000 rw-p 00000000 00:00 0 
7fa46e4d7000-7fa46e4da000 ---p 00000000 00:00 0 
7fa46e4da000-7fa46e5d8000 rw-p 00000000 00:00 0 
7fa46e5d8000-7fa46e5db000 ---p 00000000 00:00 0 
7fa46e5db000-7fa46e6d9000 rw-p 00000000 00:00 0 
7fa46e6d9000-7fa46e816000 r--s 0159b000 08:05 8279767                    /opt/bitwig-studio/bin/libs.jar
7fa46e816000-7fa46e976000 r--s 015f2000 08:05 8279512                    /opt/bitwig-studio/bin/bitwig.jar
7fa46e976000-7fa46e977000 ---p 00000000 00:00 0 
7fa46e977000-7fa46ea77000 rw-p 00000000 00:00 0 
7fa46ea77000-7fa46ea7a000 ---p 00000000 00:00 0 
7fa46ea7a000-7fa46eb78000 rw-p 00000000 00:00 0 
7fa46eb78000-7fa46eb79000 ---p 00000000 00:00 0 
7fa46eb79000-7fa46eb7c000 ---p 00000000 00:00 0 
7fa46eb7c000-7fa46ec79000 rw-p 00000000 00:00 0 
7fa46ec79000-7fa46ec7a000 ---p 00000000 00:00 0 
7fa46ec7a000-7fa46ec7d000 ---p 00000000 00:00 0 
7fa46ec7d000-7fa46ed7a000 rw-p 00000000 00:00 0 
7fa46ed7a000-7fa46ed7b000 ---p 00000000 00:00 0 
7fa46ed7b000-7fa46ed7e000 ---p 00000000 00:00 0 
7fa46ed7e000-7fa46ee7b000 rw-p 00000000 00:00 0 
7fa46ee7b000-7fa46ee7e000 ---p 00000000 00:00 0 
7fa46ee7e000-7fa46ef7c000 rw-p 00000000 00:00 0 
7fa46ef7c000-7fa46ef7f000 ---p 00000000 00:00 0 
7fa46ef7f000-7fa46f07d000 rw-p 00000000 00:00 0 
7fa46f07d000-7fa470000000 r--p 00000000 08:05 7756018                    /usr/lib/locale/locale-archive
7fa470000000-7fa470021000 rw-p 00000000 00:00 0 
7fa470021000-7fa474000000 ---p 00000000 00:00 0 
7fa474000000-7fa474083000 rw-p 00000000 00:00 0 
7fa474083000-7fa478000000 ---p 00000000 00:00 0 
7fa478000000-7fa478038000 rw-p 00000000 00:00 0 
7fa478038000-7fa47c000000 ---p 00000000 00:00 0 
7fa47c000000-7fa47c003000 r--p 00000000 08:05 3683547                    /home/psc/.BitwigStudio/index/FC434DF5B18437284FEF386B6775F072-bitwig-devices.index
7fa47c003000-7fa47c008000 r-xp 00000000 08:05 8276868                    /opt/bitwig-studio/lib/bitwig-studio/libXdmcp.so.6
7fa47c008000-7fa47c009000 r--p 00004000 08:05 8276868                    /opt/bitwig-studio/lib/bitwig-studio/libXdmcp.so.6
7fa47c009000-7fa47c00a000 rw-p 00005000 08:05 8276868                    /opt/bitwig-studio/lib/bitwig-studio/libXdmcp.so.6
7fa47c00a000-7fa47c00e000 r-xp 00000000 08:05 8276888                    /opt/bitwig-studio/lib/bitwig-studio/libxcb-util.so.1
7fa47c00e000-7fa47c00f000 ---p 00004000 08:05 8276888                    /opt/bitwig-studio/lib/bitwig-studio/libxcb-util.so.1
7fa47c00f000-7fa47c010000 r--p 00004000 08:05 8276888                    /opt/bitwig-studio/lib/bitwig-studio/libxcb-util.so.1
7fa47c010000-7fa47c011000 rw-p 00005000 08:05 8276888                    /opt/bitwig-studio/lib/bitwig-studio/libxcb-util.so.1
7fa47c011000-7fa47c03a000 r-xp 00000000 08:05 8276875                    /opt/bitwig-studio/lib/bitwig-studio/libxcb.so.1
7fa47c03a000-7fa47c03b000 r--p 00028000 08:05 8276875                    /opt/bitwig-studio/lib/bitwig-studio/libxcb.so.1
7fa47c03b000-7fa47c03c000 rw-p 00029000 08:05 8276875                    /opt/bitwig-studio/lib/bitwig-studio/libxcb.so.1
7fa47c03c000-7fa47c03f000 r--p 00000000 08:05 10772669                   /lib/x86_64-linux-gnu/libgcc_s.so.1
7fa47c03f000-7fa47c050000 r-xp 00003000 08:05 10772669                   /lib/x86_64-linux-gnu/libgcc_s.so.1
7fa47c050000-7fa47c053000 r--p 00014000 08:05 10772669                   /lib/x86_64-linux-gnu/libgcc_s.so.1
7fa47c053000-7fa47c054000 ---p 00017000 08:05 10772669                   /lib/x86_64-linux-gnu/libgcc_s.so.1
7fa47c054000-7fa47c055000 r--p 00017000 08:05 10772669                   /lib/x86_64-linux-gnu/libgcc_s.so.1
7fa47c055000-7fa47c056000 rw-p 00018000 08:05 10772669                   /lib/x86_64-linux-gnu/libgcc_s.so.1
7fa47c056000-7fa47c059000 ---p 00000000 00:00 0 
7fa47c059000-7fa47c157000 rw-p 00000000 00:00 0 
7fa47c157000-7fa47c15a000 ---p 00000000 00:00 0 
7fa47c15a000-7fa47c258000 rw-p 00000000 00:00 0 
7fa47c258000-7fa47c259000 ---p 00000000 00:00 0 
7fa47c259000-7fa47c359000 rw-p 00000000 00:00 0 
7fa47c359000-7fa47c532000 r--s 03d3e000 08:05 8276940                    /opt/bitwig-studio/lib/jre/lib/rt.jar
7fa47c532000-7fa480000000 rw-p 00000000 00:00 0 
7fa480000000-7fa48006d000 rw-p 00000000 00:00 0 
7fa48006d000-7fa484000000 ---p 00000000 00:00 0 
7fa484000000-7fa48402b000 rw-p 00000000 00:00 0 
7fa48402b000-7fa488000000 ---p 00000000 00:00 0 
7fa488000000-7fa48802d000 rw-p 00000000 00:00 0 
7fa48802d000-7fa48c000000 ---p 00000000 00:00 0 
7fa48c000000-7fa48c001000 r--p 00000000 08:05 3687607                    /home/psc/.BitwigStudio/index/382699B71F841EA068CB95A4D997A2A8-bitwig-multi-samples.index
7fa48c001000-7fa48c002000 r--p 00000000 08:05 3686881                    /home/psc/.BitwigStudio/index/31F111B747BB52CA5557666E9E542287-project.index
7fa48c002000-7fa48c00c000 r-xp 00000000 08:05 8276873                    /opt/bitwig-studio/lib/bitwig-studio/libXcursor.so.1
7fa48c00c000-7fa48c00d000 r--p 00009000 08:05 8276873                    /opt/bitwig-studio/lib/bitwig-studio/libXcursor.so.1
7fa48c00d000-7fa48c00e000 rw-p 0000a000 08:05 8276873                    /opt/bitwig-studio/lib/bitwig-studio/libXcursor.so.1
7fa48c00e000-7fa48c00f000 r--p 00000000 08:05 7757364                    /usr/lib/x86_64-linux-gnu/libX11-xcb.so.1.0.0
7fa48c00f000-7fa48c010000 r-xp 00001000 08:05 7757364                    /usr/lib/x86_64-linux-gnu/libX11-xcb.so.1.0.0
7fa48c010000-7fa48c011000 r--p 00002000 08:05 7757364                    /usr/lib/x86_64-linux-gnu/libX11-xcb.so.1.0.0
7fa48c011000-7fa48c012000 r--p 00002000 08:05 7757364                    /usr/lib/x86_64-linux-gnu/libX11-xcb.so.1.0.0
7fa48c012000-7fa48c013000 rw-p 00003000 08:05 7757364                    /usr/lib/x86_64-linux-gnu/libX11-xcb.so.1.0.0
7fa48c013000-7fa48c035000 r-xp 00000000 08:05 8276874                    /opt/bitwig-studio/lib/bitwig-studio/libxcb-xinput.so.0
7fa48c035000-7fa48c037000 r--p 00021000 08:05 8276874                    /opt/bitwig-studio/lib/bitwig-studio/libxcb-xinput.so.0
7fa48c037000-7fa48c038000 rw-p 00023000 08:05 8276874                    /opt/bitwig-studio/lib/bitwig-studio/libxcb-xinput.so.0
7fa48c038000-7fa48c05d000 r--s 0028a000 08:05 8279511                    /opt/bitwig-studio/bin/lwjgl.jar
7fa48c05d000-7fa48ca35000 rw-p 00000000 00:00 0 
7fa48ca35000-7fa48cafb000 rw-p 00000000 00:00 0 
7fa48cafb000-7fa48cafc000 ---p 00000000 00:00 0 
7fa48cafc000-7fa48d000000 rw-p 00000000 00:00 0 
7fa48d000000-7fa48edf0000 rwxp 00000000 00:00 0 
7fa48edf0000-7fa49c000000 ---p 00000000 00:00 0 
7fa49c000000-7fa49ebd3000 rw-p 00000000 00:00 0 
7fa49ebd3000-7fa4a0000000 ---p 00000000 00:00 0 
7fa4a0000000-7fa4a0002000 r-xp 00000000 08:05 8276882                    /opt/bitwig-studio/lib/bitwig-studio/libxcb-shm.so.0
7fa4a0002000-7fa4a0003000 ---p 00002000 08:05 8276882                    /opt/bitwig-studio/lib/bitwig-studio/libxcb-shm.so.0
7fa4a0003000-7fa4a0004000 r--p 00002000 08:05 8276882                    /opt/bitwig-studio/lib/bitwig-studio/libxcb-shm.so.0
7fa4a0004000-7fa4a0005000 rw-p 00003000 08:05 8276882                    /opt/bitwig-studio/lib/bitwig-studio/libxcb-shm.so.0
7fa4a0005000-7fa4a0009000 r-xp 00000000 08:05 8276883                    /opt/bitwig-studio/lib/bitwig-studio/libxcb-icccm.so.4
7fa4a0009000-7fa4a000a000 r--p 00003000 08:05 8276883                    /opt/bitwig-studio/lib/bitwig-studio/libxcb-icccm.so.4
7fa4a000a000-7fa4a000b000 rw-p 00004000 08:05 8276883                    /opt/bitwig-studio/lib/bitwig-studio/libxcb-icccm.so.4
7fa4a000b000-7fa4a000d000 r--s 00009000 08:05 8279361                    /opt/bitwig-studio/lib/jre/lib/ext/sunec.jar
7fa4a000d000-7fa4a00e2000 rw-p 00000000 00:00 0 
7fa4a00e2000-7fa4a03f9000 ---p 00000000 00:00 0 
7fa4a03f9000-7fa4a081f000 rw-p 00000000 00:00 0 
7fa4a081f000-7fa4a08a3000 ---p 00000000 00:00 0 
7fa4a08a3000-7fa4a08e7000 rw-p 00000000 00:00 0 
7fa4a08e7000-7fa4a0bfd000 ---p 00000000 00:00 0 
7fa4a0bfd000-7fa4a0bfe000 rw-p 00000000 00:00 0 
7fa4a0bfe000-7fa4a0bff000 ---p 00000000 00:00 0 
7fa4a0bff000-7fa4a0cff000 rw-p 00000000 00:00 0 
7fa4a0cff000-7fa4a0d00000 ---p 00000000 00:00 0 
7fa4a0d00000-7fa4a0e00000 rw-p 00000000 00:00 0 
7fa4a0e00000-7fa4a0e01000 ---p 00000000 00:00 0 
7fa4a0e01000-7fa4a0f01000 rw-p 00000000 00:00 0 
7fa4a0f01000-7fa4a0f02000 ---p 00000000 00:00 0 
7fa4a0f02000-7fa4a107a000 rw-p 00000000 00:00 0 
7fa4a107a000-7fa4a13c2000 ---p 00000000 00:00 0 
7fa4a13c2000-7fa4a13dc000 r-xp 00000000 08:05 8279277                    /opt/bitwig-studio/lib/jre/lib/amd64/libzip.so
7fa4a13dc000-7fa4a15dc000 ---p 0001a000 08:05 8279277                    /opt/bitwig-studio/lib/jre/lib/amd64/libzip.so
7fa4a15dc000-7fa4a15dd000 rw-p 0001a000 08:05 8279277                    /opt/bitwig-studio/lib/jre/lib/amd64/libzip.so
7fa4a15dd000-7fa4a1608000 r-xp 00000000 08:05 8278885                    /opt/bitwig-studio/lib/jre/lib/amd64/libjava.so
7fa4a1608000-7fa4a1807000 ---p 0002b000 08:05 8278885                    /opt/bitwig-studio/lib/jre/lib/amd64/libjava.so
7fa4a1807000-7fa4a1809000 rw-p 0002a000 08:05 8278885                    /opt/bitwig-studio/lib/jre/lib/amd64/libjava.so
7fa4a1809000-7fa4a1816000 r-xp 00000000 08:05 8278906                    /opt/bitwig-studio/lib/jre/lib/amd64/libverify.so
7fa4a1816000-7fa4a1a15000 ---p 0000d000 08:05 8278906                    /opt/bitwig-studio/lib/jre/lib/amd64/libverify.so
7fa4a1a15000-7fa4a1a17000 rw-p 0000c000 08:05 8278906                    /opt/bitwig-studio/lib/jre/lib/amd64/libverify.so
7fa4a1a17000-7fa4a1a19000 r--p 00000000 08:05 10773996                   /lib/x86_64-linux-gnu/librt-2.28.so
7fa4a1a19000-7fa4a1a1d000 r-xp 00002000 08:05 10773996                   /lib/x86_64-linux-gnu/librt-2.28.so
7fa4a1a1d000-7fa4a1a1f000 r--p 00006000 08:05 10773996                   /lib/x86_64-linux-gnu/librt-2.28.so
7fa4a1a1f000-7fa4a1a20000 r--p 00007000 08:05 10773996                   /lib/x86_64-linux-gnu/librt-2.28.so
7fa4a1a20000-7fa4a1a21000 rw-p 00008000 08:05 10773996                   /lib/x86_64-linux-gnu/librt-2.28.so
7fa4a1a21000-7fa4a1a22000 ---p 00000000 00:00 0 
7fa4a1a22000-7fa4a1a25000 ---p 00000000 00:00 0 
7fa4a1a25000-7fa4a1b22000 rw-p 00000000 00:00 0 
7fa4a1b22000-7fa4a1b2f000 r--p 00000000 08:05 10773919                   /lib/x86_64-linux-gnu/libm-2.28.so
7fa4a1b2f000-7fa4a1bda000 r-xp 0000d000 08:05 10773919                   /lib/x86_64-linux-gnu/libm-2.28.so
7fa4a1bda000-7fa4a1cad000 r--p 000b8000 08:05 10773919                   /lib/x86_64-linux-gnu/libm-2.28.so
7fa4a1cad000-7fa4a1cae000 r--p 0018a000 08:05 10773919                   /lib/x86_64-linux-gnu/libm-2.28.so
7fa4a1cae000-7fa4a1caf000 rw-p 0018b000 08:05 10773919                   /lib/x86_64-linux-gnu/libm-2.28.so
7fa4a1caf000-7fa4a297d000 r-xp 00000000 08:05 8279295                    /opt/bitwig-studio/lib/jre/lib/amd64/server/libjvm.so
7fa4a297d000-7fa4a2b7d000 ---p 00cce000 08:05 8279295                    /opt/bitwig-studio/lib/jre/lib/amd64/server/libjvm.so
7fa4a2b7d000-7fa4a2c56000 rw-p 00cce000 08:05 8279295                    /opt/bitwig-studio/lib/jre/lib/amd64/server/libjvm.so
7fa4a2c56000-7fa4a2ca3000 rw-p 00000000 00:00 0 
7fa4a2ca3000-7fa4a2cc5000 r--p 00000000 08:05 10773858                   /lib/x86_64-linux-gnu/libc-2.28.so
7fa4a2cc5000-7fa4a2e36000 r-xp 00022000 08:05 10773858                   /lib/x86_64-linux-gnu/libc-2.28.so
7fa4a2e36000-7fa4a2e82000 r--p 00193000 08:05 10773858                   /lib/x86_64-linux-gnu/libc-2.28.so
7fa4a2e82000-7fa4a2e83000 ---p 001df000 08:05 10773858                   /lib/x86_64-linux-gnu/libc-2.28.so
7fa4a2e83000-7fa4a2e87000 r--p 001df000 08:05 10773858                   /lib/x86_64-linux-gnu/libc-2.28.so
7fa4a2e87000-7fa4a2e89000 rw-p 001e3000 08:05 10773858                   /lib/x86_64-linux-gnu/libc-2.28.so
7fa4a2e89000-7fa4a2e8d000 rw-p 00000000 00:00 0 
7fa4a2e8d000-7fa4a2e8e000 r--p 00000000 08:05 10773879                   /lib/x86_64-linux-gnu/libdl-2.28.so
7fa4a2e8e000-7fa4a2e90000 r-xp 00001000 08:05 10773879                   /lib/x86_64-linux-gnu/libdl-2.28.so
7fa4a2e90000-7fa4a2e91000 r--p 00003000 08:05 10773879                   /lib/x86_64-linux-gnu/libdl-2.28.so
7fa4a2e91000-7fa4a2e92000 r--p 00003000 08:05 10773879                   /lib/x86_64-linux-gnu/libdl-2.28.so
7fa4a2e92000-7fa4a2e93000 rw-p 00004000 08:05 10773879                   /lib/x86_64-linux-gnu/libdl-2.28.so
7fa4a2e93000-7fa4a2ea8000 r-xp 00000000 08:05 8279299                    /opt/bitwig-studio/lib/jre/lib/amd64/jli/libjli.so
7fa4a2ea8000-7fa4a30a8000 ---p 00015000 08:05 8279299                    /opt/bitwig-studio/lib/jre/lib/amd64/jli/libjli.so
7fa4a30a8000-7fa4a30a9000 rw-p 00015000 08:05 8279299                    /opt/bitwig-studio/lib/jre/lib/amd64/jli/libjli.so
7fa4a30a9000-7fa4a30af000 r--p 00000000 08:05 10773988                   /lib/x86_64-linux-gnu/libpthread-2.28.so
7fa4a30af000-7fa4a30be000 r-xp 00006000 08:05 10773988                   /lib/x86_64-linux-gnu/libpthread-2.28.so
7fa4a30be000-7fa4a30c4000 r--p 00015000 08:05 10773988                   /lib/x86_64-linux-gnu/libpthread-2.28.so
7fa4a30c4000-7fa4a30c5000 r--p 0001a000 08:05 10773988                   /lib/x86_64-linux-gnu/libpthread-2.28.so
7fa4a30c5000-7fa4a30c6000 rw-p 0001b000 08:05 10773988                   /lib/x86_64-linux-gnu/libpthread-2.28.so
7fa4a30c6000-7fa4a30ca000 rw-p 00000000 00:00 0 
7fa4a30ca000-7fa4a30cb000 r--p 00000000 08:05 3683553                    /home/psc/.BitwigStudio/index/A2926B896A975F443C78B6AF3ADF1067-modulators.index
7fa4a30cb000-7fa4a30cf000 r--s 0003a000 08:05 8279404                    /opt/bitwig-studio/lib/jre/lib/ext/sunpkcs11.jar
7fa4a30cf000-7fa4a30d2000 r--s 0001a000 08:05 8279450                    /opt/bitwig-studio/lib/jre/lib/jce.jar
7fa4a30d2000-7fa4a30d6000 r--s 0009a000 08:05 8279488                    /opt/bitwig-studio/lib/jre/lib/jsse.jar
7fa4a30d6000-7fa4a30de000 rw-s 00000000 08:05 2892250                    /tmp/hsperfdata_psc/3970
7fa4a30de000-7fa4a30e1000 r--p 00000000 08:05 10773946                   /lib/x86_64-linux-gnu/libnss_files-2.28.so
7fa4a30e1000-7fa4a30e8000 r-xp 00003000 08:05 10773946                   /lib/x86_64-linux-gnu/libnss_files-2.28.so
7fa4a30e8000-7fa4a30eb000 r--p 0000a000 08:05 10773946                   /lib/x86_64-linux-gnu/libnss_files-2.28.so
7fa4a30eb000-7fa4a30ec000 r--p 0000c000 08:05 10773946                   /lib/x86_64-linux-gnu/libnss_files-2.28.so
7fa4a30ec000-7fa4a30ed000 rw-p 0000d000 08:05 10773946                   /lib/x86_64-linux-gnu/libnss_files-2.28.so
7fa4a30ed000-7fa4a30f4000 rw-p 00000000 00:00 0 
7fa4a30f4000-7fa4a30f5000 r--p 00000000 00:00 0 
7fa4a30f5000-7fa4a30f7000 rw-p 00000000 00:00 0 
7fa4a30f7000-7fa4a30f8000 r--p 00000000 08:05 10773832                   /lib/x86_64-linux-gnu/ld-2.28.so
7fa4a30f8000-7fa4a3118000 r-xp 00001000 08:05 10773832                   /lib/x86_64-linux-gnu/ld-2.28.so
7fa4a3118000-7fa4a3120000 r--p 00021000 08:05 10773832                   /lib/x86_64-linux-gnu/ld-2.28.so
7fa4a3120000-7fa4a3121000 r--p 00028000 08:05 10773832                   /lib/x86_64-linux-gnu/ld-2.28.so
7fa4a3121000-7fa4a3122000 rw-p 00029000 08:05 10773832                   /lib/x86_64-linux-gnu/ld-2.28.so
7fa4a3122000-7fa4a3123000 rw-p 00000000 00:00 0 
7fffed0dd000-7fffed0ff000 rw-p 00000000 00:00 0                          [stack]
7fffed1c8000-7fffed1cb000 r--p 00000000 00:00 0                          [vvar]
7fffed1cb000-7fffed1cd000 r-xp 00000000 00:00 0                          [vdso]
ffffffffff600000-ffffffffff601000 r-xp 00000000 00:00 0                  [vsyscall]

VM Arguments:
jvm_args: -Xms200m -Xmx2048m -XX:+UseConcMarkSweepGC -Djava.io.tmpdir=/tmp/bitwig-psc -DeulaPath=/opt/bitwig-studio/EULA.txt -DengineExecutable=/opt/bitwig-studio/bin/BitwigStudioEngine -DfactoryLibrary=/opt/bitwig-studio/Library -DcontrolScripts=/opt/bitwig-studio/resources/controllers -DresourceLocation=/opt/bitwig-studio/resources -DexecutableDir=/opt/bitwig-studio/bin32 -DexecutableDir64=/opt/bitwig-studio/bin -Dshow-file-dialog-command=/opt/bitwig-studio/bin/show-file-dialog-gtk3 -DsplashPid=3965 -Dnitro.include=/opt/bitwig-studio/resources/nitro/std -Djava.awt.headless=true -Dawt.toolkit=sun.awt.HToolkit -XX:ErrorFile=./bitwig-studio-jvm-crash.log -XX:-UseLoopPredicate 
java_command: com.bitwig.flt.app.BitwigStudioMain
java_class_path (initial): /opt/bitwig-studio/bin/bitwig.jar:/opt/bitwig-studio/bin/libs.jar:/opt/bitwig-studio/bin/lwjgl.jar
Launcher Type: SUN_STANDARD

Environment Variables:
PATH=/usr/local/sbin:/usr/local/bin:/usr/sbin:/usr/bin:/sbin:/bin:/usr/games:/usr/local/games:/snap/bin
LD_LIBRARY_PATH=/opt/bitwig-studio/lib/bitwig-studio:
SHELL=/bin/bash
DISPLAY=:0.0

Signal Handlers:
SIGSEGV: [libjvm.so+0xac78c0], sa_mask[0]=11111111011111111101111111111110, sa_flags=SA_RESTART|SA_SIGINFO
SIGBUS: [libjvm.so+0xac78c0], sa_mask[0]=11111111011111111101111111111110, sa_flags=SA_RESTART|SA_SIGINFO
SIGFPE: [libjvm.so+0x920ac0], sa_mask[0]=11111111011111111101111111111110, sa_flags=SA_RESTART|SA_SIGINFO
SIGPIPE: [libjvm.so+0x920ac0], sa_mask[0]=11111111011111111101111111111110, sa_flags=SA_RESTART|SA_SIGINFO
SIGXFSZ: [libjvm.so+0x920ac0], sa_mask[0]=11111111011111111101111111111110, sa_flags=SA_RESTART|SA_SIGINFO
SIGILL: [libjvm.so+0x920ac0], sa_mask[0]=11111111011111111101111111111110, sa_flags=SA_RESTART|SA_SIGINFO
SIGUSR1: SIG_DFL, sa_mask[0]=00000000000000000000000000000000, sa_flags=none
SIGUSR2: [libjvm.so+0x922300], sa_mask[0]=00000000000000000000000000000000, sa_flags=SA_RESTART|SA_SIGINFO
SIGHUP: [libjvm.so+0x923700], sa_mask[0]=11111111011111111101111111111110, sa_flags=SA_RESTART|SA_SIGINFO
SIGINT: SIG_IGN, sa_mask[0]=00000000000000000000000000000000, sa_flags=none
SIGTERM: [libjvm.so+0x923700], sa_mask[0]=11111111011111111101111111111110, sa_flags=SA_RESTART|SA_SIGINFO
SIGQUIT: [libjvm.so+0x923700], sa_mask[0]=11111111011111111101111111111110, sa_flags=SA_RESTART|SA_SIGINFO


---------------  S Y S T E M  ---------------

OS:DISTRIB_ID=Ubuntu
DISTRIB_RELEASE=18.10
DISTRIB_CODENAME=cosmic
DISTRIB_DESCRIPTION="Ubuntu 18.10"

uname:Linux 4.18.0-25-lowlatency #26-Ubuntu SMP PREEMPT Mon Jun 24 10:17:48 UTC 2019 x86_64
libc:glibc 2.28 NPTL 2.28 
rlimit: STACK 8192k, CORE 0k, NPROC 31217, NOFILE 1048576, AS infinity
load average:2.46 2.29 1.99

/proc/meminfo:
MemTotal:        8069096 kB
MemFree:         5637444 kB
MemAvailable:    6736796 kB
Buffers:           83492 kB
Cached:          1491236 kB
SwapCached:            0 kB
Active:          1670416 kB
Inactive:         557144 kB
Active(anon):     772396 kB
Inactive(anon):   173412 kB
Active(file):     898020 kB
Inactive(file):   383732 kB
Unevictable:         144 kB
Mlocked:             384 kB
SwapTotal:       2097148 kB
SwapFree:        2097148 kB
Dirty:              1840 kB
Writeback:             0 kB
AnonPages:        635240 kB
Mapped:           177144 kB
Shmem:            293240 kB
Slab:             141416 kB
SReclaimable:      79076 kB
SUnreclaim:        62340 kB
KernelStack:        3720 kB
PageTables:         7512 kB
NFS_Unstable:          0 kB
Bounce:                0 kB
WritebackTmp:          0 kB
CommitLimit:     6131696 kB
Committed_AS:    1850208 kB
VmallocTotal:   34359738367 kB
VmallocUsed:           0 kB
VmallocChunk:          0 kB
HardwareCorrupted:     0 kB
AnonHugePages:         0 kB
ShmemHugePages:        0 kB
ShmemPmdMapped:        0 kB
CmaTotal:              0 kB
CmaFree:               0 kB
HugePages_Total:       0
HugePages_Free:        0
HugePages_Rsvd:        0
HugePages_Surp:        0
Hugepagesize:       2048 kB
Hugetlb:               0 kB
DirectMap4k:      148960 kB
DirectMap2M:     6045696 kB
DirectMap1G:     3145728 kB


CPU:total 4 (2 cores per cpu, 2 threads per core) family 6 model 69 stepping 1, cmov, cx8, fxsr, mmx, sse, sse2, sse3, ssse3, sse4.1, sse4.2, popcnt, avx, avx2, aes, clmul, erms, lzcnt, ht, tsc, tscinvbit, bmi1, bmi2

/proc/cpuinfo:
processor	: 0
vendor_id	: GenuineIntel
cpu family	: 6
model		: 69
model name	: Intel(R) Core(TM) i7-4650U CPU @ 1.70GHz
stepping	: 1
microcode	: 0x25
cpu MHz		: 2506.332
cache size	: 4096 KB
physical id	: 0
siblings	: 4
core id		: 0
cpu cores	: 2
apicid		: 0
initial apicid	: 0
fpu		: yes
fpu_exception	: yes
cpuid level	: 13
wp		: yes
flags		: fpu vme de pse tsc msr pae mce cx8 apic sep mtrr pge mca cmov pat pse36 clflush dts acpi mmx fxsr sse sse2 ss ht tm pbe syscall nx pdpe1gb rdtscp lm constant_tsc arch_perfmon pebs bts rep_good nopl xtopology nonstop_tsc cpuid aperfmperf pni pclmulqdq dtes64 monitor ds_cpl vmx smx est tm2 ssse3 sdbg fma cx16 xtpr pdcm pcid sse4_1 sse4_2 x2apic movbe popcnt tsc_deadline_timer aes xsave avx f16c rdrand lahf_lm abm cpuid_fault epb invpcid_single pti ssbd ibrs ibpb stibp tpr_shadow vnmi flexpriority ept vpid fsgsbase tsc_adjust bmi1 avx2 smep bmi2 erms invpcid xsaveopt dtherm ida arat pln pts md_clear flush_l1d
bugs		: cpu_meltdown spectre_v1 spectre_v2 spec_store_bypass l1tf mds
bogomips	: 4589.50
clflush size	: 64
cache_alignment	: 64
address sizes	: 39 bits physical, 48 bits virtual
power management:

processor	: 1
vendor_id	: GenuineIntel
cpu family	: 6
model		: 69
model name	: Intel(R) Core(TM) i7-4650U CPU @ 1.70GHz
stepping	: 1
microcode	: 0x25
cpu MHz		: 2435.555
cache size	: 4096 KB
physical id	: 0
siblings	: 4
core id		: 1
cpu cores	: 2
apicid		: 2
initial apicid	: 2
fpu		: yes
fpu_exception	: yes
cpuid level	: 13
wp		: yes
flags		: fpu vme de pse tsc msr pae mce cx8 apic sep mtrr pge mca cmov pat pse36 clflush dts acpi mmx fxsr sse sse2 ss ht tm pbe syscall nx pdpe1gb rdtscp lm constant_tsc arch_perfmon pebs bts rep_good nopl xtopology nonstop_tsc cpuid aperfmperf pni pclmulqdq dtes64 monitor ds_cpl vmx smx est tm2 ssse3 sdbg fma cx16 xtpr pdcm pcid sse4_1 sse4_2 x2apic movbe popcnt tsc_deadline_timer aes xsave avx f16c rdrand lahf_lm abm cpuid_fault epb invpcid_single pti ssbd ibrs ibpb stibp tpr_shadow vnmi flexpriority ept vpid fsgsbase tsc_adjust bmi1 avx2 smep bmi2 erms invpcid xsaveopt dtherm ida arat pln pts md_clear flush_l1d
bugs		: cpu_meltdown spectre_v1 spectre_v2 spec_store_bypass l1tf mds
bogomips	: 4589.50
clflush size	: 64
cache_alignment	: 64
address sizes	: 39 bits physical, 48 bits virtual
power management:

processor	: 2
vendor_id	: GenuineIntel
cpu family	: 6
model		: 69
model name	: Intel(R) Core(TM) i7-4650U CPU @ 1.70GHz
stepping	: 1
microcode	: 0x25
cpu MHz		: 2415.374
cache size	: 4096 KB
physical id	: 0
siblings	: 4
core id		: 0
cpu cores	: 2
apicid		: 1
initial apicid	: 1
fpu		: yes
fpu_exception	: yes
cpuid level	: 13
wp		: yes
flags		: fpu vme de pse tsc msr pae mce cx8 apic sep mtrr pge mca cmov pat pse36 clflush dts acpi mmx fxsr sse sse2 ss ht tm pbe syscall nx pdpe1gb rdtscp lm constant_tsc arch_perfmon pebs bts rep_good nopl xtopology nonstop_tsc cpuid aperfmperf pni pclmulqdq dtes64 monitor ds_cpl vmx smx est tm2 ssse3 sdbg fma cx16 xtpr pdcm pcid sse4_1 sse4_2 x2apic movbe popcnt tsc_deadline_timer aes xsave avx f16c rdrand lahf_lm abm cpuid_fault epb invpcid_single pti ssbd ibrs ibpb stibp tpr_shadow vnmi flexpriority ept vpid fsgsbase tsc_adjust bmi1 avx2 smep bmi2 erms invpcid xsaveopt dtherm ida arat pln pts md_clear flush_l1d
bugs		: cpu_meltdown spectre_v1 spectre_v2 spec_store_bypass l1tf mds
bogomips	: 4589.50
clflush size	: 64
cache_alignment	: 64
address sizes	: 39 bits physical, 48 bits virtual
power management:

processor	: 3
vendor_id	: GenuineIntel
cpu family	: 6
model		: 69
model name	: Intel(R) Core(TM) i7-4650U CPU @ 1.70GHz
stepping	: 1
microcode	: 0x25
cpu MHz		: 2446.102
cache size	: 4096 KB
physical id	: 0
siblings	: 4
core id		: 1
cpu cores	: 2
apicid		: 3
initial apicid	: 3
fpu		: yes
fpu_exception	: yes
cpuid level	: 13
wp		: yes
flags		: fpu vme de pse tsc msr pae mce cx8 apic sep mtrr pge mca cmov pat pse36 clflush dts acpi mmx fxsr sse sse2 ss ht tm pbe syscall nx pdpe1gb rdtscp lm constant_tsc arch_perfmon pebs bts rep_good nopl xtopology nonstop_tsc cpuid aperfmperf pni pclmulqdq dtes64 monitor ds_cpl vmx smx est tm2 ssse3 sdbg fma cx16 xtpr pdcm pcid sse4_1 sse4_2 x2apic movbe popcnt tsc_deadline_timer aes xsave avx f16c rdrand lahf_lm abm cpuid_fault epb invpcid_single pti ssbd ibrs ibpb stibp tpr_shadow vnmi flexpriority ept vpid fsgsbase tsc_adjust bmi1 avx2 smep bmi2 erms invpcid xsaveopt dtherm ida arat pln pts md_clear flush_l1d
bugs		: cpu_meltdown spectre_v1 spectre_v2 spec_store_bypass l1tf mds
bogomips	: 4589.50
clflush size	: 64
cache_alignment	: 64
address sizes	: 39 bits physical, 48 bits virtual
power management:



Memory: 4k page, physical 8069096k(5638648k free), swap 2097148k(2097148k free)

vm_info: Java HotSpot(TM) 64-Bit Server VM (25.121-b13) for linux-amd64 JRE (1.8.0_121-b13), built on Dec 12 2016 16:36:53 by "java_re" with gcc 4.3.0 20080428 (Red Hat 4.3.0-8)

time: Wed Oct  2 23:21:55 2019
elapsed time: 1099 seconds (0d 0h 18m 19s)

