This file contains any messages produced by compilers while
running configure, to aid debugging if configure makes a mistake.

It was created by xinput configure 1.6.2, which was
generated by GNU Autoconf 2.69.  Invocation command line was

  $ ./configure 

## --------- ##
## Platform. ##
## --------- ##

hostname = THEREMIN
uname -m = x86_64
uname -r = 4.15.0-36-lowlatency
uname -s = Linux
uname -v = #39-Ubuntu SMP PREEMPT Tue Sep 25 00:16:08 UTC 2018

/usr/bin/uname -p = unknown
/bin/uname -X     = unknown

/bin/arch              = unknown
/usr/bin/arch -k       = unknown
/usr/convex/getsysinfo = unknown
/usr/bin/hostinfo      = unknown
/bin/machine           = unknown
/usr/bin/oslevel       = unknown
/bin/universe          = unknown

PATH: /usr/local/sbin
PATH: /usr/local/bin
PATH: /usr/sbin
PATH: /usr/bin
PATH: /sbin
PATH: /bin
PATH: /usr/games
PATH: /usr/local/games
PATH: /snap/bin


## ----------- ##
## Core tests. ##
## ----------- ##

configure:2173: checking for a BSD-compatible install
configure:2241: result: /usr/bin/install -c
configure:2252: checking whether build environment is sane
configure:2307: result: yes
configure:2458: checking for a thread-safe mkdir -p
configure:2497: result: /bin/mkdir -p
configure:2504: checking for gawk
configure:2520: found /usr/bin/gawk
configure:2531: result: gawk
configure:2542: checking whether make sets $(MAKE)
configure:2564: result: yes
configure:2593: checking whether make supports nested variables
configure:2610: result: yes
configure:2761: checking for style of include used by make
configure:2789: result: GNU
configure:2860: checking for gcc
configure:2876: found /usr/bin/gcc
configure:2887: result: gcc
configure:3116: checking for C compiler version
configure:3125: gcc --version >&5
gcc (Ubuntu 7.3.0-27ubuntu1~18.04) 7.3.0
Copyright (C) 2017 Free Software Foundation, Inc.
This is free software; see the source for copying conditions.  There is NO
warranty; not even for MERCHANTABILITY or FITNESS FOR A PARTICULAR PURPOSE.

configure:3136: $? = 0
configure:3125: gcc -v >&5
Using built-in specs.
COLLECT_GCC=gcc
COLLECT_LTO_WRAPPER=/usr/lib/gcc/x86_64-linux-gnu/7/lto-wrapper
OFFLOAD_TARGET_NAMES=nvptx-none
OFFLOAD_TARGET_DEFAULT=1
Target: x86_64-linux-gnu
Configured with: ../src/configure -v --with-pkgversion='Ubuntu 7.3.0-27ubuntu1~18.04' --with-bugurl=file:///usr/share/doc/gcc-7/README.Bugs --enable-languages=c,ada,c++,go,brig,d,fortran,objc,obj-c++ --prefix=/usr --with-gcc-major-version-only --program-suffix=-7 --program-prefix=x86_64-linux-gnu- --enable-shared --enable-linker-build-id --libexecdir=/usr/lib --without-included-gettext --enable-threads=posix --libdir=/usr/lib --enable-nls --with-sysroot=/ --enable-clocale=gnu --enable-libstdcxx-debug --enable-libstdcxx-time=yes --with-default-libstdcxx-abi=new --enable-gnu-unique-object --disable-vtable-verify --enable-libmpx --enable-plugin --enable-default-pie --with-system-zlib --with-target-system-zlib --enable-objc-gc=auto --enable-multiarch --disable-werror --with-arch-32=i686 --with-abi=m64 --with-multilib-list=m32,m64,mx32 --enable-multilib --with-tune=generic --enable-offload-targets=nvptx-none --without-cuda-driver --enable-checking=release --build=x86_64-linux-gnu --host=x86_64-linux-gnu --target=x86_64-linux-gnu
Thread model: posix
gcc version 7.3.0 (Ubuntu 7.3.0-27ubuntu1~18.04) 
configure:3136: $? = 0
configure:3125: gcc -V >&5
gcc: error: unrecognized command line option '-V'
gcc: fatal error: no input files
compilation terminated.
configure:3136: $? = 1
configure:3125: gcc -qversion >&5
gcc: error: unrecognized command line option '-qversion'; did you mean '--version'?
gcc: fatal error: no input files
compilation terminated.
configure:3136: $? = 1
configure:3156: checking whether the C compiler works
configure:3178: gcc    conftest.c  >&5
configure:3182: $? = 0
configure:3230: result: yes
configure:3233: checking for C compiler default output file name
configure:3235: result: a.out
configure:3241: checking for suffix of executables
configure:3248: gcc -o conftest    conftest.c  >&5
configure:3252: $? = 0
configure:3274: result: 
configure:3296: checking whether we are cross compiling
configure:3304: gcc -o conftest    conftest.c  >&5
configure:3308: $? = 0
configure:3315: ./conftest
configure:3319: $? = 0
configure:3334: result: no
configure:3339: checking for suffix of object files
configure:3361: gcc -c   conftest.c >&5
configure:3365: $? = 0
configure:3386: result: o
configure:3390: checking whether we are using the GNU C compiler
configure:3409: gcc -c   conftest.c >&5
configure:3409: $? = 0
configure:3418: result: yes
configure:3427: checking whether gcc accepts -g
configure:3447: gcc -c -g  conftest.c >&5
configure:3447: $? = 0
configure:3488: result: yes
configure:3505: checking for gcc option to accept ISO C89
configure:3568: gcc  -c -g -O2  conftest.c >&5
configure:3568: $? = 0
configure:3581: result: none needed
configure:3606: checking whether gcc understands -c and -o together
configure:3628: gcc -c conftest.c -o conftest2.o
configure:3631: $? = 0
configure:3628: gcc -c conftest.c -o conftest2.o
configure:3631: $? = 0
configure:3643: result: yes
configure:3662: checking dependency style of gcc
configure:3773: result: gcc3
configure:3788: checking for gcc option to accept ISO C99
configure:3937: gcc  -c -g -O2  conftest.c >&5
configure:3937: $? = 0
configure:3950: result: none needed
configure:3971: checking how to run the C preprocessor
configure:4002: gcc -E  conftest.c
configure:4002: $? = 0
configure:4016: gcc -E  conftest.c
conftest.c:11:10: fatal error: ac_nonexistent.h: No such file or directory
 #include <ac_nonexistent.h>
          ^~~~~~~~~~~~~~~~~~
compilation terminated.
configure:4016: $? = 1
configure: failed program was:
| /* confdefs.h */
| #define PACKAGE_NAME "xinput"
| #define PACKAGE_TARNAME "xinput"
| #define PACKAGE_VERSION "1.6.2"
| #define PACKAGE_STRING "xinput 1.6.2"
| #define PACKAGE_BUGREPORT "https://bugs.freedesktop.org/enter_bug.cgi?product=xorg"
| #define PACKAGE_URL ""
| #define PACKAGE "xinput"
| #define VERSION "1.6.2"
| /* end confdefs.h.  */
| #include <ac_nonexistent.h>
configure:4041: result: gcc -E
configure:4061: gcc -E  conftest.c
configure:4061: $? = 0
configure:4075: gcc -E  conftest.c
conftest.c:11:10: fatal error: ac_nonexistent.h: No such file or directory
 #include <ac_nonexistent.h>
          ^~~~~~~~~~~~~~~~~~
compilation terminated.
configure:4075: $? = 1
configure: failed program was:
| /* confdefs.h */
| #define PACKAGE_NAME "xinput"
| #define PACKAGE_TARNAME "xinput"
| #define PACKAGE_VERSION "1.6.2"
| #define PACKAGE_STRING "xinput 1.6.2"
| #define PACKAGE_BUGREPORT "https://bugs.freedesktop.org/enter_bug.cgi?product=xorg"
| #define PACKAGE_URL ""
| #define PACKAGE "xinput"
| #define VERSION "1.6.2"
| /* end confdefs.h.  */
| #include <ac_nonexistent.h>
configure:4104: checking for grep that handles long lines and -e
configure:4162: result: /bin/grep
configure:4167: checking for egrep
configure:4229: result: /bin/grep -E
configure:4234: checking for ANSI C header files
configure:4254: gcc -c -g -O2  conftest.c >&5
configure:4254: $? = 0
configure:4327: gcc -o conftest -g -O2   conftest.c  >&5
configure:4327: $? = 0
configure:4327: ./conftest
configure:4327: $? = 0
configure:4338: result: yes
configure:4351: checking for sys/types.h
configure:4351: gcc -c -g -O2  conftest.c >&5
configure:4351: $? = 0
configure:4351: result: yes
configure:4351: checking for sys/stat.h
configure:4351: gcc -c -g -O2  conftest.c >&5
configure:4351: $? = 0
configure:4351: result: yes
configure:4351: checking for stdlib.h
configure:4351: gcc -c -g -O2  conftest.c >&5
configure:4351: $? = 0
configure:4351: result: yes
configure:4351: checking for string.h
configure:4351: gcc -c -g -O2  conftest.c >&5
configure:4351: $? = 0
configure:4351: result: yes
configure:4351: checking for memory.h
configure:4351: gcc -c -g -O2  conftest.c >&5
configure:4351: $? = 0
configure:4351: result: yes
configure:4351: checking for strings.h
configure:4351: gcc -c -g -O2  conftest.c >&5
configure:4351: $? = 0
configure:4351: result: yes
configure:4351: checking for inttypes.h
configure:4351: gcc -c -g -O2  conftest.c >&5
configure:4351: $? = 0
configure:4351: result: yes
configure:4351: checking for stdint.h
configure:4351: gcc -c -g -O2  conftest.c >&5
configure:4351: $? = 0
configure:4351: result: yes
configure:4351: checking for unistd.h
configure:4351: gcc -c -g -O2  conftest.c >&5
configure:4351: $? = 0
configure:4351: result: yes
configure:4367: checking whether __clang__ is declared
configure:4367: gcc -c -g -O2  conftest.c >&5
conftest.c: In function 'main':
conftest.c:61:10: error: '__clang__' undeclared (first use in this function); did you mean '__clock_t'?
   (void) __clang__;
          ^~~~~~~~~
          __clock_t
conftest.c:61:10: note: each undeclared identifier is reported only once for each function it appears in
configure:4367: $? = 1
configure: failed program was:
| /* confdefs.h */
| #define PACKAGE_NAME "xinput"
| #define PACKAGE_TARNAME "xinput"
| #define PACKAGE_VERSION "1.6.2"
| #define PACKAGE_STRING "xinput 1.6.2"
| #define PACKAGE_BUGREPORT "https://bugs.freedesktop.org/enter_bug.cgi?product=xorg"
| #define PACKAGE_URL ""
| #define PACKAGE "xinput"
| #define VERSION "1.6.2"
| #define STDC_HEADERS 1
| #define HAVE_SYS_TYPES_H 1
| #define HAVE_SYS_STAT_H 1
| #define HAVE_STDLIB_H 1
| #define HAVE_STRING_H 1
| #define HAVE_MEMORY_H 1
| #define HAVE_STRINGS_H 1
| #define HAVE_INTTYPES_H 1
| #define HAVE_STDINT_H 1
| #define HAVE_UNISTD_H 1
| /* end confdefs.h.  */
| #include <stdio.h>
| #ifdef HAVE_SYS_TYPES_H
| # include <sys/types.h>
| #endif
| #ifdef HAVE_SYS_STAT_H
| # include <sys/stat.h>
| #endif
| #ifdef STDC_HEADERS
| # include <stdlib.h>
| # include <stddef.h>
| #else
| # ifdef HAVE_STDLIB_H
| #  include <stdlib.h>
| # endif
| #endif
| #ifdef HAVE_STRING_H
| # if !defined STDC_HEADERS && defined HAVE_MEMORY_H
| #  include <memory.h>
| # endif
| # include <string.h>
| #endif
| #ifdef HAVE_STRINGS_H
| # include <strings.h>
| #endif
| #ifdef HAVE_INTTYPES_H
| # include <inttypes.h>
| #endif
| #ifdef HAVE_STDINT_H
| # include <stdint.h>
| #endif
| #ifdef HAVE_UNISTD_H
| # include <unistd.h>
| #endif
| int
| main ()
| {
| #ifndef __clang__
| #ifdef __cplusplus
|   (void) __clang__;
| #else
|   (void) __clang__;
| #endif
| #endif
| 
|   ;
|   return 0;
| }
configure:4367: result: no
configure:4374: checking whether __INTEL_COMPILER is declared
configure:4374: gcc -c -g -O2  conftest.c >&5
conftest.c: In function 'main':
conftest.c:61:10: error: '__INTEL_COMPILER' undeclared (first use in this function); did you mean '__BYTE_ORDER'?
   (void) __INTEL_COMPILER;
          ^~~~~~~~~~~~~~~~
          __BYTE_ORDER
conftest.c:61:10: note: each undeclared identifier is reported only once for each function it appears in
configure:4374: $? = 1
configure: failed program was:
| /* confdefs.h */
| #define PACKAGE_NAME "xinput"
| #define PACKAGE_TARNAME "xinput"
| #define PACKAGE_VERSION "1.6.2"
| #define PACKAGE_STRING "xinput 1.6.2"
| #define PACKAGE_BUGREPORT "https://bugs.freedesktop.org/enter_bug.cgi?product=xorg"
| #define PACKAGE_URL ""
| #define PACKAGE "xinput"
| #define VERSION "1.6.2"
| #define STDC_HEADERS 1
| #define HAVE_SYS_TYPES_H 1
| #define HAVE_SYS_STAT_H 1
| #define HAVE_STDLIB_H 1
| #define HAVE_STRING_H 1
| #define HAVE_MEMORY_H 1
| #define HAVE_STRINGS_H 1
| #define HAVE_INTTYPES_H 1
| #define HAVE_STDINT_H 1
| #define HAVE_UNISTD_H 1
| /* end confdefs.h.  */
| #include <stdio.h>
| #ifdef HAVE_SYS_TYPES_H
| # include <sys/types.h>
| #endif
| #ifdef HAVE_SYS_STAT_H
| # include <sys/stat.h>
| #endif
| #ifdef STDC_HEADERS
| # include <stdlib.h>
| # include <stddef.h>
| #else
| # ifdef HAVE_STDLIB_H
| #  include <stdlib.h>
| # endif
| #endif
| #ifdef HAVE_STRING_H
| # if !defined STDC_HEADERS && defined HAVE_MEMORY_H
| #  include <memory.h>
| # endif
| # include <string.h>
| #endif
| #ifdef HAVE_STRINGS_H
| # include <strings.h>
| #endif
| #ifdef HAVE_INTTYPES_H
| # include <inttypes.h>
| #endif
| #ifdef HAVE_STDINT_H
| # include <stdint.h>
| #endif
| #ifdef HAVE_UNISTD_H
| # include <unistd.h>
| #endif
| int
| main ()
| {
| #ifndef __INTEL_COMPILER
| #ifdef __cplusplus
|   (void) __INTEL_COMPILER;
| #else
|   (void) __INTEL_COMPILER;
| #endif
| #endif
| 
|   ;
|   return 0;
| }
configure:4374: result: no
configure:4381: checking whether __SUNPRO_C is declared
configure:4381: gcc -c -g -O2  conftest.c >&5
conftest.c: In function 'main':
conftest.c:61:10: error: '__SUNPRO_C' undeclared (first use in this function); did you mean '__INT8_C'?
   (void) __SUNPRO_C;
          ^~~~~~~~~~
          __INT8_C
conftest.c:61:10: note: each undeclared identifier is reported only once for each function it appears in
configure:4381: $? = 1
configure: failed program was:
| /* confdefs.h */
| #define PACKAGE_NAME "xinput"
| #define PACKAGE_TARNAME "xinput"
| #define PACKAGE_VERSION "1.6.2"
| #define PACKAGE_STRING "xinput 1.6.2"
| #define PACKAGE_BUGREPORT "https://bugs.freedesktop.org/enter_bug.cgi?product=xorg"
| #define PACKAGE_URL ""
| #define PACKAGE "xinput"
| #define VERSION "1.6.2"
| #define STDC_HEADERS 1
| #define HAVE_SYS_TYPES_H 1
| #define HAVE_SYS_STAT_H 1
| #define HAVE_STDLIB_H 1
| #define HAVE_STRING_H 1
| #define HAVE_MEMORY_H 1
| #define HAVE_STRINGS_H 1
| #define HAVE_INTTYPES_H 1
| #define HAVE_STDINT_H 1
| #define HAVE_UNISTD_H 1
| /* end confdefs.h.  */
| #include <stdio.h>
| #ifdef HAVE_SYS_TYPES_H
| # include <sys/types.h>
| #endif
| #ifdef HAVE_SYS_STAT_H
| # include <sys/stat.h>
| #endif
| #ifdef STDC_HEADERS
| # include <stdlib.h>
| # include <stddef.h>
| #else
| # ifdef HAVE_STDLIB_H
| #  include <stdlib.h>
| # endif
| #endif
| #ifdef HAVE_STRING_H
| # if !defined STDC_HEADERS && defined HAVE_MEMORY_H
| #  include <memory.h>
| # endif
| # include <string.h>
| #endif
| #ifdef HAVE_STRINGS_H
| # include <strings.h>
| #endif
| #ifdef HAVE_INTTYPES_H
| # include <inttypes.h>
| #endif
| #ifdef HAVE_STDINT_H
| # include <stdint.h>
| #endif
| #ifdef HAVE_UNISTD_H
| # include <unistd.h>
| #endif
| int
| main ()
| {
| #ifndef __SUNPRO_C
| #ifdef __cplusplus
|   (void) __SUNPRO_C;
| #else
|   (void) __SUNPRO_C;
| #endif
| #endif
| 
|   ;
|   return 0;
| }
configure:4381: result: no
configure:4443: checking for pkg-config
configure:4461: found /usr/bin/pkg-config
configure:4473: result: /usr/bin/pkg-config
configure:4498: checking pkg-config is at least version 0.9.0
configure:4501: result: yes
configure:4513: checking build system type
configure:4527: result: x86_64-pc-linux-gnu
configure:4547: checking host system type
configure:4560: result: x86_64-pc-linux-gnu
configure:4580: checking for a sed that does not truncate output
configure:4644: result: /bin/sed
configure:4690: checking if gcc supports -Werror=unknown-warning-option
configure:4699: gcc -c -g -O2 -Werror=unknown-warning-option  conftest.c >&5
cc1: error: -Werror=unknown-warning-option: no option -Wunknown-warning-option
configure:4699: $? = 1
configure: failed program was:
| /* confdefs.h */
| #define PACKAGE_NAME "xinput"
| #define PACKAGE_TARNAME "xinput"
| #define PACKAGE_VERSION "1.6.2"
| #define PACKAGE_STRING "xinput 1.6.2"
| #define PACKAGE_BUGREPORT "https://bugs.freedesktop.org/enter_bug.cgi?product=xorg"
| #define PACKAGE_URL ""
| #define PACKAGE "xinput"
| #define VERSION "1.6.2"
| #define STDC_HEADERS 1
| #define HAVE_SYS_TYPES_H 1
| #define HAVE_SYS_STAT_H 1
| #define HAVE_STDLIB_H 1
| #define HAVE_STRING_H 1
| #define HAVE_MEMORY_H 1
| #define HAVE_STRINGS_H 1
| #define HAVE_INTTYPES_H 1
| #define HAVE_STDINT_H 1
| #define HAVE_UNISTD_H 1
| /* end confdefs.h.  */
| int i;
configure:4706: result: no
configure:4717: checking if gcc supports -Werror=unused-command-line-argument
configure:4726: gcc -c -g -O2 -Werror=unused-command-line-argument  conftest.c >&5
cc1: error: -Werror=unused-command-line-argument: no option -Wunused-command-line-argument
configure:4726: $? = 1
configure: failed program was:
| /* confdefs.h */
| #define PACKAGE_NAME "xinput"
| #define PACKAGE_TARNAME "xinput"
| #define PACKAGE_VERSION "1.6.2"
| #define PACKAGE_STRING "xinput 1.6.2"
| #define PACKAGE_BUGREPORT "https://bugs.freedesktop.org/enter_bug.cgi?product=xorg"
| #define PACKAGE_URL ""
| #define PACKAGE "xinput"
| #define VERSION "1.6.2"
| #define STDC_HEADERS 1
| #define HAVE_SYS_TYPES_H 1
| #define HAVE_SYS_STAT_H 1
| #define HAVE_STDLIB_H 1
| #define HAVE_STRING_H 1
| #define HAVE_MEMORY_H 1
| #define HAVE_STRINGS_H 1
| #define HAVE_INTTYPES_H 1
| #define HAVE_STDINT_H 1
| #define HAVE_UNISTD_H 1
| /* end confdefs.h.  */
| int i;
configure:4733: result: no
configure:4752: checking if gcc supports -Wall
configure:4769: gcc -o conftest -g -O2 -Wall   conftest.c  >&5
configure:4769: $? = 0
configure:4782: result: yes
configure:4870: checking if gcc supports -Wpointer-arith
configure:4887: gcc -o conftest -g -O2 -Wpointer-arith   conftest.c  >&5
configure:4887: $? = 0
configure:4900: result: yes
configure:4988: checking if gcc supports -Wmissing-declarations
configure:5005: gcc -o conftest -g -O2 -Wmissing-declarations   conftest.c  >&5
configure:5005: $? = 0
configure:5018: result: yes
configure:5106: checking if gcc supports -Wformat=2
configure:5123: gcc -o conftest -g -O2 -Wformat=2   conftest.c  >&5
configure:5123: $? = 0
configure:5136: result: yes
configure:5275: checking if gcc supports -Wstrict-prototypes
configure:5292: gcc -o conftest -g -O2 -Wstrict-prototypes   conftest.c  >&5
conftest.c:23:1: warning: function declaration isn't a prototype [-Wstrict-prototypes]
 main ()
 ^~~~
configure:5292: $? = 0
configure:5305: result: yes
configure:5393: checking if gcc supports -Wmissing-prototypes
configure:5410: gcc -o conftest -g -O2 -Wmissing-prototypes   conftest.c  >&5
configure:5410: $? = 0
configure:5423: result: yes
configure:5511: checking if gcc supports -Wnested-externs
configure:5528: gcc -o conftest -g -O2 -Wnested-externs   conftest.c  >&5
configure:5528: $? = 0
configure:5541: result: yes
configure:5629: checking if gcc supports -Wbad-function-cast
configure:5646: gcc -o conftest -g -O2 -Wbad-function-cast   conftest.c  >&5
configure:5646: $? = 0
configure:5659: result: yes
configure:5747: checking if gcc supports -Wold-style-definition
configure:5764: gcc -o conftest -g -O2 -Wold-style-definition   conftest.c  >&5
conftest.c: In function 'main':
conftest.c:23:1: warning: old-style function definition [-Wold-style-definition]
 main ()
 ^~~~
configure:5764: $? = 0
configure:5777: result: yes
configure:5914: checking if gcc supports -Wdeclaration-after-statement
configure:5931: gcc -o conftest -g -O2 -Wdeclaration-after-statement   conftest.c  >&5
configure:5931: $? = 0
configure:5944: result: yes
configure:6036: checking if gcc supports -Wunused
configure:6053: gcc -o conftest -g -O2 -Wunused   conftest.c  >&5
configure:6053: $? = 0
configure:6066: result: yes
configure:6154: checking if gcc supports -Wuninitialized
configure:6171: gcc -o conftest -g -O2 -Wuninitialized   conftest.c  >&5
configure:6171: $? = 0
configure:6184: result: yes
configure:6272: checking if gcc supports -Wshadow
configure:6289: gcc -o conftest -g -O2 -Wshadow   conftest.c  >&5
configure:6289: $? = 0
configure:6302: result: yes
configure:6390: checking if gcc supports -Wmissing-noreturn
configure:6407: gcc -o conftest -g -O2 -Wmissing-noreturn   conftest.c  >&5
configure:6407: $? = 0
configure:6420: result: yes
configure:6508: checking if gcc supports -Wmissing-format-attribute
configure:6525: gcc -o conftest -g -O2 -Wmissing-format-attribute   conftest.c  >&5
configure:6525: $? = 0
configure:6538: result: yes
configure:6626: checking if gcc supports -Wredundant-decls
configure:6643: gcc -o conftest -g -O2 -Wredundant-decls   conftest.c  >&5
configure:6643: $? = 0
configure:6656: result: yes
configure:6744: checking if gcc supports -Wlogical-op
configure:6761: gcc -o conftest -g -O2 -Wlogical-op   conftest.c  >&5
configure:6761: $? = 0
configure:6774: result: yes
configure:6874: checking if gcc supports -Werror=implicit
configure:6891: gcc -o conftest -g -O2 -Werror=implicit   conftest.c  >&5
configure:6891: $? = 0
configure:6904: result: yes
configure:7041: checking if gcc supports -Werror=nonnull
configure:7058: gcc -o conftest -g -O2 -Werror=nonnull   conftest.c  >&5
configure:7058: $? = 0
configure:7071: result: yes
configure:7159: checking if gcc supports -Werror=init-self
configure:7176: gcc -o conftest -g -O2 -Werror=init-self   conftest.c  >&5
configure:7176: $? = 0
configure:7189: result: yes
configure:7277: checking if gcc supports -Werror=main
configure:7294: gcc -o conftest -g -O2 -Werror=main   conftest.c  >&5
configure:7294: $? = 0
configure:7307: result: yes
configure:7395: checking if gcc supports -Werror=missing-braces
configure:7412: gcc -o conftest -g -O2 -Werror=missing-braces   conftest.c  >&5
configure:7412: $? = 0
configure:7425: result: yes
configure:7513: checking if gcc supports -Werror=sequence-point
configure:7530: gcc -o conftest -g -O2 -Werror=sequence-point   conftest.c  >&5
configure:7530: $? = 0
configure:7543: result: yes
configure:7631: checking if gcc supports -Werror=return-type
configure:7648: gcc -o conftest -g -O2 -Werror=return-type   conftest.c  >&5
configure:7648: $? = 0
configure:7661: result: yes
configure:7798: checking if gcc supports -Werror=trigraphs
configure:7815: gcc -o conftest -g -O2 -Werror=trigraphs   conftest.c  >&5
configure:7815: $? = 0
configure:7828: result: yes
configure:7916: checking if gcc supports -Werror=array-bounds
configure:7933: gcc -o conftest -g -O2 -Werror=array-bounds   conftest.c  >&5
configure:7933: $? = 0
configure:7946: result: yes
configure:8034: checking if gcc supports -Werror=write-strings
configure:8051: gcc -o conftest -g -O2 -Werror=write-strings   conftest.c  >&5
configure:8051: $? = 0
configure:8064: result: yes
configure:8152: checking if gcc supports -Werror=address
configure:8169: gcc -o conftest -g -O2 -Werror=address   conftest.c  >&5
configure:8169: $? = 0
configure:8182: result: yes
configure:8270: checking if gcc supports -Werror=int-to-pointer-cast
configure:8287: gcc -o conftest -g -O2 -Werror=int-to-pointer-cast   conftest.c  >&5
configure:8287: $? = 0
configure:8300: result: yes
configure:8437: checking if gcc supports -Werror=pointer-to-int-cast
configure:8454: gcc -o conftest -g -O2 -Werror=pointer-to-int-cast   conftest.c  >&5
configure:8454: $? = 0
configure:8467: result: yes
configure:10125: checking if gcc supports -pedantic
configure:10142: gcc -o conftest -g -O2 -pedantic   conftest.c  >&5
configure:10142: $? = 0
configure:10155: result: yes
configure:10243: checking if gcc supports -Werror
configure:10260: gcc -o conftest -g -O2 -Werror   conftest.c  >&5
configure:10260: $? = 0
configure:10273: result: yes
configure:10413: checking if gcc supports -Werror=attributes
configure:10430: gcc -o conftest -g -O2 -Werror=attributes   conftest.c  >&5
configure:10430: $? = 0
configure:10443: result: yes
configure:10603: checking whether make supports nested variables
configure:10620: result: yes
configure:10636: checking for XINPUT
configure:10643: $PKG_CONFIG --exists --print-errors "x11 xext xi >= 1.2 inputproto >= 1.5 xrandr xinerama"
configure:10646: $? = 0
configure:10660: $PKG_CONFIG --exists --print-errors "x11 xext xi >= 1.2 inputproto >= 1.5 xrandr xinerama"
configure:10663: $? = 0
configure:10721: result: yes
configure:10729: checking for XI2
configure:10736: $PKG_CONFIG --exists --print-errors "xi >= 1.2.99.2 inputproto >= 1.9.99.15"
configure:10739: $? = 0
configure:10753: $PKG_CONFIG --exists --print-errors "xi >= 1.2.99.2 inputproto >= 1.9.99.15"
configure:10756: $? = 0
configure:10794: result: yes
configure:10813: checking for XI21
configure:10820: $PKG_CONFIG --exists --print-errors "xi >= 1.4.99.1 inputproto >= 2.0.99.1"
configure:10823: $? = 0
configure:10837: $PKG_CONFIG --exists --print-errors "xi >= 1.4.99.1 inputproto >= 2.0.99.1"
configure:10840: $? = 0
configure:10898: result: yes
configure:10907: checking for XI22
configure:10914: $PKG_CONFIG --exists --print-errors "xi >= 1.5.99.1 inputproto >= 2.1.99.1"
configure:10917: $? = 0
configure:10931: $PKG_CONFIG --exists --print-errors "xi >= 1.5.99.1 inputproto >= 2.1.99.1"
configure:10934: $? = 0
configure:10992: result: yes
configure:11110: checking that generated files are newer than configure
configure:11116: result: done
configure:11143: creating ./config.status

## ---------------------- ##
## Running config.status. ##
## ---------------------- ##

This file was extended by xinput config.status 1.6.2, which was
generated by GNU Autoconf 2.69.  Invocation command line was

  CONFIG_FILES    = 
  CONFIG_HEADERS  = 
  CONFIG_LINKS    = 
  CONFIG_COMMANDS = 
  $ ./config.status 

on THEREMIN

config.status:914: creating Makefile
config.status:914: creating src/Makefile
config.status:914: creating man/Makefile
config.status:914: creating config.h
config.status:1143: executing depfiles commands

## ---------------- ##
## Cache variables. ##
## ---------------- ##

ac_cv_build=x86_64-pc-linux-gnu
ac_cv_c_compiler_gnu=yes
ac_cv_env_CC_set=
ac_cv_env_CC_value=
ac_cv_env_CFLAGS_set=
ac_cv_env_CFLAGS_value=
ac_cv_env_CPPFLAGS_set=
ac_cv_env_CPPFLAGS_value=
ac_cv_env_CPP_set=
ac_cv_env_CPP_value=
ac_cv_env_LDFLAGS_set=
ac_cv_env_LDFLAGS_value=
ac_cv_env_LIBS_set=
ac_cv_env_LIBS_value=
ac_cv_env_PKG_CONFIG_LIBDIR_set=
ac_cv_env_PKG_CONFIG_LIBDIR_value=
ac_cv_env_PKG_CONFIG_PATH_set=
ac_cv_env_PKG_CONFIG_PATH_value=
ac_cv_env_PKG_CONFIG_set=
ac_cv_env_PKG_CONFIG_value=
ac_cv_env_XI21_CFLAGS_set=
ac_cv_env_XI21_CFLAGS_value=
ac_cv_env_XI21_LIBS_set=
ac_cv_env_XI21_LIBS_value=
ac_cv_env_XI22_CFLAGS_set=
ac_cv_env_XI22_CFLAGS_value=
ac_cv_env_XI22_LIBS_set=
ac_cv_env_XI22_LIBS_value=
ac_cv_env_XI2_CFLAGS_set=
ac_cv_env_XI2_CFLAGS_value=
ac_cv_env_XI2_LIBS_set=
ac_cv_env_XI2_LIBS_value=
ac_cv_env_XINPUT_CFLAGS_set=
ac_cv_env_XINPUT_CFLAGS_value=
ac_cv_env_XINPUT_LIBS_set=
ac_cv_env_XINPUT_LIBS_value=
ac_cv_env_build_alias_set=
ac_cv_env_build_alias_value=
ac_cv_env_host_alias_set=
ac_cv_env_host_alias_value=
ac_cv_env_target_alias_set=
ac_cv_env_target_alias_value=
ac_cv_have_decl___INTEL_COMPILER=no
ac_cv_have_decl___SUNPRO_C=no
ac_cv_have_decl___clang__=no
ac_cv_header_inttypes_h=yes
ac_cv_header_memory_h=yes
ac_cv_header_stdc=yes
ac_cv_header_stdint_h=yes
ac_cv_header_stdlib_h=yes
ac_cv_header_string_h=yes
ac_cv_header_strings_h=yes
ac_cv_header_sys_stat_h=yes
ac_cv_header_sys_types_h=yes
ac_cv_header_unistd_h=yes
ac_cv_host=x86_64-pc-linux-gnu
ac_cv_objext=o
ac_cv_path_EGREP='/bin/grep -E'
ac_cv_path_GREP=/bin/grep
ac_cv_path_SED=/bin/sed
ac_cv_path_ac_pt_PKG_CONFIG=/usr/bin/pkg-config
ac_cv_path_install='/usr/bin/install -c'
ac_cv_path_mkdir=/bin/mkdir
ac_cv_prog_AWK=gawk
ac_cv_prog_CPP='gcc -E'
ac_cv_prog_ac_ct_CC=gcc
ac_cv_prog_cc_c89=
ac_cv_prog_cc_c99=
ac_cv_prog_cc_g=yes
ac_cv_prog_make_make_set=yes
am_cv_CC_dependencies_compiler_type=gcc3
am_cv_make_support_nested_variables=yes
am_cv_prog_cc_c_o=yes
pkg_cv_XI21_CFLAGS=
pkg_cv_XI21_LIBS=-lXi
pkg_cv_XI22_CFLAGS=
pkg_cv_XI22_LIBS=-lXi
pkg_cv_XI2_CFLAGS=
pkg_cv_XI2_LIBS=-lXi
pkg_cv_XINPUT_CFLAGS=
pkg_cv_XINPUT_LIBS='-lX11 -lXext -lXi -lXrandr -lXinerama'
xorg_cv_cc_flag__Wall=yes
xorg_cv_cc_flag__Wbad_function_cast=yes
xorg_cv_cc_flag__Wdeclaration_after_statement=yes
xorg_cv_cc_flag__Werror=yes
xorg_cv_cc_flag__Werror_address=yes
xorg_cv_cc_flag__Werror_array_bounds=yes
xorg_cv_cc_flag__Werror_attributes=yes
xorg_cv_cc_flag__Werror_implicit=yes
xorg_cv_cc_flag__Werror_init_self=yes
xorg_cv_cc_flag__Werror_int_to_pointer_cast=yes
xorg_cv_cc_flag__Werror_main=yes
xorg_cv_cc_flag__Werror_missing_braces=yes
xorg_cv_cc_flag__Werror_nonnull=yes
xorg_cv_cc_flag__Werror_pointer_to_int_cast=yes
xorg_cv_cc_flag__Werror_return_type=yes
xorg_cv_cc_flag__Werror_sequence_point=yes
xorg_cv_cc_flag__Werror_trigraphs=yes
xorg_cv_cc_flag__Werror_write_strings=yes
xorg_cv_cc_flag__Wformat_2=yes
xorg_cv_cc_flag__Wlogical_op=yes
xorg_cv_cc_flag__Wmissing_declarations=yes
xorg_cv_cc_flag__Wmissing_format_attribute=yes
xorg_cv_cc_flag__Wmissing_noreturn=yes
xorg_cv_cc_flag__Wmissing_prototypes=yes
xorg_cv_cc_flag__Wnested_externs=yes
xorg_cv_cc_flag__Wold_style_definition=yes
xorg_cv_cc_flag__Wpointer_arith=yes
xorg_cv_cc_flag__Wredundant_decls=yes
xorg_cv_cc_flag__Wshadow=yes
xorg_cv_cc_flag__Wstrict_prototypes=yes
xorg_cv_cc_flag__Wuninitialized=yes
xorg_cv_cc_flag__Wunused=yes
xorg_cv_cc_flag__pedantic=yes
xorg_cv_cc_flag_unknown_warning_option=no
xorg_cv_cc_flag_unused_command_line_argument=no

## ----------------- ##
## Output variables. ##
## ----------------- ##

ACLOCAL='${SHELL} /home/psc/Code/xinput/missing aclocal-1.15'
ADMIN_MAN_DIR='$(mandir)/man$(ADMIN_MAN_SUFFIX)'
ADMIN_MAN_SUFFIX='8'
AMDEPBACKSLASH='\'
AMDEP_FALSE='#'
AMDEP_TRUE=''
AMTAR='$${TAR-tar}'
AM_BACKSLASH='\'
AM_DEFAULT_V='$(AM_DEFAULT_VERBOSITY)'
AM_DEFAULT_VERBOSITY='0'
AM_V='$(V)'
APP_MAN_DIR='$(mandir)/man$(APP_MAN_SUFFIX)'
APP_MAN_SUFFIX='1'
AUTOCONF='${SHELL} /home/psc/Code/xinput/missing autoconf'
AUTOHEADER='${SHELL} /home/psc/Code/xinput/missing autoheader'
AUTOMAKE='${SHELL} /home/psc/Code/xinput/missing automake-1.15'
AWK='gawk'
BASE_CFLAGS=' -Wall -Wpointer-arith -Wmissing-declarations -Wformat=2 -Wstrict-prototypes -Wmissing-prototypes -Wnested-externs -Wbad-function-cast -Wold-style-definition -Wdeclaration-after-statement -Wunused -Wuninitialized -Wshadow -Wmissing-noreturn -Wmissing-format-attribute -Wredundant-decls -Wlogical-op -Werror=implicit -Werror=nonnull -Werror=init-self -Werror=main -Werror=missing-braces -Werror=sequence-point -Werror=return-type -Werror=trigraphs -Werror=array-bounds -Werror=write-strings -Werror=address -Werror=int-to-pointer-cast -Werror=pointer-to-int-cast'
CC='gcc'
CCDEPMODE='depmode=gcc3'
CFLAGS='-g -O2'
CHANGELOG_CMD='(GIT_DIR=$(top_srcdir)/.git git log > $(top_srcdir)/.changelog.tmp && mv $(top_srcdir)/.changelog.tmp $(top_srcdir)/ChangeLog) || (rm -f $(top_srcdir)/.changelog.tmp; touch $(top_srcdir)/ChangeLog; echo '\''git directory not found: installing possibly empty changelog.'\'' >&2)'
CPP='gcc -E'
CPPFLAGS=''
CWARNFLAGS=' -Wall -Wpointer-arith -Wmissing-declarations -Wformat=2 -Wstrict-prototypes -Wmissing-prototypes -Wnested-externs -Wbad-function-cast -Wold-style-definition -Wdeclaration-after-statement -Wunused -Wuninitialized -Wshadow -Wmissing-noreturn -Wmissing-format-attribute -Wredundant-decls -Wlogical-op -Werror=implicit -Werror=nonnull -Werror=init-self -Werror=main -Werror=missing-braces -Werror=sequence-point -Werror=return-type -Werror=trigraphs -Werror=array-bounds -Werror=write-strings -Werror=address -Werror=int-to-pointer-cast -Werror=pointer-to-int-cast -fno-strict-aliasing'
CYGPATH_W='echo'
DEFS='-DHAVE_CONFIG_H'
DEPDIR='.deps'
DRIVER_MAN_DIR='$(mandir)/man$(DRIVER_MAN_SUFFIX)'
DRIVER_MAN_SUFFIX='4'
ECHO_C=''
ECHO_N='-n'
ECHO_T=''
EGREP='/bin/grep -E'
EXEEXT=''
FILE_MAN_DIR='$(mandir)/man$(FILE_MAN_SUFFIX)'
FILE_MAN_SUFFIX='5'
GREP='/bin/grep'
HAVE_XI2='yes'
HAVE_XI2_FALSE='#'
HAVE_XI2_TRUE=''
INSTALL_CMD='(cp -f /usr/share/util-macros/INSTALL $(top_srcdir)/.INSTALL.tmp && mv $(top_srcdir)/.INSTALL.tmp $(top_srcdir)/INSTALL) || (rm -f $(top_srcdir)/.INSTALL.tmp; touch $(top_srcdir)/INSTALL; echo '\''util-macros "pkgdatadir" from xorg-macros.pc not found: installing possibly empty INSTALL.'\'' >&2)'
INSTALL_DATA='${INSTALL} -m 644'
INSTALL_PROGRAM='${INSTALL}'
INSTALL_SCRIPT='${INSTALL}'
INSTALL_STRIP_PROGRAM='$(install_sh) -c -s'
LDFLAGS=''
LIBOBJS=''
LIBS=''
LIB_MAN_DIR='$(mandir)/man$(LIB_MAN_SUFFIX)'
LIB_MAN_SUFFIX='3'
LTLIBOBJS=''
MAKEINFO='${SHELL} /home/psc/Code/xinput/missing makeinfo'
MAN_SUBSTS='	-e '\''s|__vendorversion__|"$(PACKAGE_STRING)" "$(XORG_MAN_PAGE)"|'\'' 	-e '\''s|__xorgversion__|"$(PACKAGE_STRING)" "$(XORG_MAN_PAGE)"|'\'' 	-e '\''s|__xservername__|Xorg|g'\'' 	-e '\''s|__xconfigfile__|xorg.conf|g'\'' 	-e '\''s|__projectroot__|$(prefix)|g'\'' 	-e '\''s|__apploaddir__|$(appdefaultdir)|g'\'' 	-e '\''s|__appmansuffix__|$(APP_MAN_SUFFIX)|g'\'' 	-e '\''s|__drivermansuffix__|$(DRIVER_MAN_SUFFIX)|g'\'' 	-e '\''s|__adminmansuffix__|$(ADMIN_MAN_SUFFIX)|g'\'' 	-e '\''s|__libmansuffix__|$(LIB_MAN_SUFFIX)|g'\'' 	-e '\''s|__miscmansuffix__|$(MISC_MAN_SUFFIX)|g'\'' 	-e '\''s|__filemansuffix__|$(FILE_MAN_SUFFIX)|g'\'''
MISC_MAN_DIR='$(mandir)/man$(MISC_MAN_SUFFIX)'
MISC_MAN_SUFFIX='7'
MKDIR_P='/bin/mkdir -p'
OBJEXT='o'
PACKAGE='xinput'
PACKAGE_BUGREPORT='https://bugs.freedesktop.org/enter_bug.cgi?product=xorg'
PACKAGE_NAME='xinput'
PACKAGE_STRING='xinput 1.6.2'
PACKAGE_TARNAME='xinput'
PACKAGE_URL=''
PACKAGE_VERSION='1.6.2'
PATH_SEPARATOR=':'
PKG_CONFIG='/usr/bin/pkg-config'
PKG_CONFIG_LIBDIR=''
PKG_CONFIG_PATH=''
SED='/bin/sed'
SET_MAKE=''
SHELL='/bin/bash'
STRICT_CFLAGS=' -pedantic -Werror -Werror=attributes'
STRIP=''
VERSION='1.6.2'
XI21_CFLAGS=''
XI21_LIBS='-lXi'
XI22_CFLAGS=''
XI22_LIBS='-lXi'
XI2_CFLAGS=''
XI2_LIBS='-lXi'
XINPUT_CFLAGS=''
XINPUT_LIBS='-lX11 -lXext -lXi -lXrandr -lXinerama'
XORG_MAN_PAGE='X Version 11'
ac_ct_CC='gcc'
am__EXEEXT_FALSE=''
am__EXEEXT_TRUE='#'
am__fastdepCC_FALSE='#'
am__fastdepCC_TRUE=''
am__include='include'
am__isrc=''
am__leading_dot='.'
am__nodep='_no'
am__quote=''
am__tar='$${TAR-tar} chof - "$$tardir"'
am__untar='$${TAR-tar} xf -'
bindir='${exec_prefix}/bin'
build='x86_64-pc-linux-gnu'
build_alias=''
build_cpu='x86_64'
build_os='linux-gnu'
build_vendor='pc'
datadir='${datarootdir}'
datarootdir='${prefix}/share'
docdir='${datarootdir}/doc/${PACKAGE_TARNAME}'
dvidir='${docdir}'
exec_prefix='${prefix}'
host='x86_64-pc-linux-gnu'
host_alias=''
host_cpu='x86_64'
host_os='linux-gnu'
host_vendor='pc'
htmldir='${docdir}'
includedir='${prefix}/include'
infodir='${datarootdir}/info'
install_sh='${SHELL} /home/psc/Code/xinput/install-sh'
libdir='${exec_prefix}/lib'
libexecdir='${exec_prefix}/libexec'
localedir='${datarootdir}/locale'
localstatedir='${prefix}/var'
mandir='${datarootdir}/man'
mkdir_p='$(MKDIR_P)'
oldincludedir='/usr/include'
pdfdir='${docdir}'
prefix='/usr/local'
program_transform_name='s,x,x,'
psdir='${docdir}'
runstatedir='${localstatedir}/run'
sbindir='${exec_prefix}/sbin'
sharedstatedir='${prefix}/com'
sysconfdir='${prefix}/etc'
target_alias=''

## ----------- ##
## confdefs.h. ##
## ----------- ##

/* confdefs.h */
#define PACKAGE_NAME "xinput"
#define PACKAGE_TARNAME "xinput"
#define PACKAGE_VERSION "1.6.2"
#define PACKAGE_STRING "xinput 1.6.2"
#define PACKAGE_BUGREPORT "https://bugs.freedesktop.org/enter_bug.cgi?product=xorg"
#define PACKAGE_URL ""
#define PACKAGE "xinput"
#define VERSION "1.6.2"
#define STDC_HEADERS 1
#define HAVE_SYS_TYPES_H 1
#define HAVE_SYS_STAT_H 1
#define HAVE_STDLIB_H 1
#define HAVE_STRING_H 1
#define HAVE_MEMORY_H 1
#define HAVE_STRINGS_H 1
#define HAVE_INTTYPES_H 1
#define HAVE_STDINT_H 1
#define HAVE_UNISTD_H 1
#define PACKAGE_VERSION_MAJOR 1
#define PACKAGE_VERSION_MINOR 6
#define PACKAGE_VERSION_PATCHLEVEL 2
#define HAVE_XI2 1
#define HAVE_XI21 1
#define HAVE_XI22 1

configure: exit 0
